<?xml version="1.0" encoding="UTF-8"?>
<coverage generated="1774942190688" clover="3.2.0">
  <project timestamp="1774942190689" name="All files">
    <metrics statements="112" coveredstatements="95" conditionals="48" coveredconditionals="31" methods="17" coveredmethods="15" elements="177" coveredelements="141" complexity="0" loc="112" ncloc="112" packages="1" files="3" classes="3"/>
    <file name="conflict-resolver.ts" path="D:\CONG VIEC\vaultic\client\packages\sync\src\conflict-resolver.ts">
      <metrics statements="3" coveredstatements="3" conditionals="4" coveredconditionals="4" methods="2" coveredmethods="2"/>
      <line num="12" count="8" type="stmt"/>
      <line num="13" count="8" type="stmt"/>
      <line num="14" count="8" type="cond" truecount="4" falsecount="0"/>
    </file>
    <file name="device.ts" path="D:\CONG VIEC\vaultic\client\packages\sync\src\device.ts">
      <metrics statements="20" coveredstatements="12" conditionals="14" coveredconditionals="7" methods="2" coveredmethods="2"/>
      <line num="5" count="2" type="stmt"/>
      <line num="8" count="2" type="cond" truecount="2" falsecount="2"/>
      <line num="12" count="8" type="cond" truecount="2" falsecount="0"/>
      <line num="15" count="2" type="cond" truecount="1" falsecount="1"/>
      <line num="16" count="0" type="stmt"/>
      <line num="17" count="0" type="stmt"/>
      <line num="18" count="0" type="cond" truecount="0" falsecount="2"/>
      <line num="19" count="0" type="stmt"/>
      <line num="20" count="0" type="stmt"/>
      <line num="28" count="2" type="stmt"/>
      <line num="29" count="2" type="stmt"/>
      <line num="30" count="8" type="cond" truecount="1" falsecount="1"/>
      <line num="31" count="0" type="stmt"/>
      <line num="32" count="0" type="stmt"/>
      <line num="39" count="2" type="stmt"/>
      <line num="40" count="2" type="stmt"/>
      <line num="42" count="2" type="cond" truecount="1" falsecount="1"/>
      <line num="43" count="0" type="stmt"/>
      <line num="45" count="2" type="stmt"/>
      <line num="48" count="2" type="stmt"/>
    </file>
    <file name="sync-engine.ts" path="D:\CONG VIEC\vaultic\client\packages\sync\src\sync-engine.ts">
      <metrics statements="89" coveredstatements="80" conditionals="30" coveredconditionals="20" methods="13" coveredmethods="11"/>
      <line num="35" count="20" type="stmt"/>
      <line num="38" count="20" type="stmt"/>
      <line num="39" count="20" type="stmt"/>
      <line num="40" count="20" type="stmt"/>
      <line num="41" count="20" type="stmt"/>
      <line num="42" count="20" type="stmt"/>
      <line num="46" count="24" type="cond" truecount="2" falsecount="0"/>
      <line num="47" count="2" type="stmt"/>
      <line num="49" count="22" type="cond" truecount="5" falsecount="1"/>
      <line num="50" count="0" type="stmt"/>
      <line num="52" count="22" type="stmt"/>
      <line num="53" count="22" type="stmt"/>
      <line num="54" count="22" type="stmt"/>
      <line num="56" count="22" type="stmt"/>
      <line num="62" count="22" type="stmt"/>
      <line num="63" count="22" type="stmt"/>
      <line num="64" count="22" type="stmt"/>
      <line num="65" count="22" type="stmt"/>
      <line num="68" count="22" type="stmt"/>
      <line num="69" count="22" type="stmt"/>
      <line num="70" count="18" type="cond" truecount="2" falsecount="0"/>
      <line num="72" count="10" type="stmt"/>
      <line num="73" count="10" type="stmt"/>
      <line num="75" count="10" type="stmt"/>
      <line num="76" count="10" type="stmt"/>
      <line num="77" count="2" type="stmt"/>
      <line num="78" count="2" type="stmt"/>
      <line num="79" count="2" type="cond" truecount="1" falsecount="1"/>
      <line num="82" count="10" type="stmt"/>
      <line num="83" count="10" type="stmt"/>
      <line num="84" count="2" type="stmt"/>
      <line num="85" count="1" type="stmt"/>
      <line num="86" count="0" type="cond" truecount="0" falsecount="2"/>
      <line num="89" count="10" type="stmt"/>
      <line num="92" count="0" type="stmt"/>
      <line num="101" count="10" type="stmt"/>
      <line num="102" count="10" type="stmt"/>
      <line num="103" count="2" type="stmt"/>
      <line num="104" count="2" type="stmt"/>
      <line num="105" count="2" type="stmt"/>
      <line num="106" count="2" type="stmt"/>
      <line num="107" count="2" type="stmt"/>
      <line num="110" count="4" type="stmt"/>
      <line num="111" count="4" type="stmt"/>
      <line num="115" count="18" type="stmt"/>
      <line num="116" count="18" type="stmt"/>
      <line num="117" count="18" type="stmt"/>
      <line num="120" count="18" type="stmt"/>
      <line num="121" count="18" type="stmt"/>
      <line num="122" count="18" type="stmt"/>
      <line num="123" count="18" type="stmt"/>
      <line num="124" count="18" type="stmt"/>
      <line num="125" count="18" type="stmt"/>
      <line num="127" count="18" type="stmt"/>
      <line num="128" count="24" type="stmt"/>
      <line num="129" count="22" type="stmt"/>
      <line num="131" count="22" type="stmt"/>
      <line num="132" count="22" type="stmt"/>
      <line num="133" count="22" type="stmt"/>
      <line num="134" count="22" type="cond" truecount="6" falsecount="0"/>
      <line num="135" count="6" type="stmt"/>
      <line num="138" count="17" type="stmt"/>
      <line num="139" count="17" type="stmt"/>
      <line num="141" count="16" type="stmt"/>
      <line num="143" count="10" type="stmt"/>
      <line num="144" count="10" type="stmt"/>
      <line num="145" count="4" type="cond" truecount="1" falsecount="1"/>
      <line num="146" count="2" type="stmt"/>
      <line num="150" count="0" type="cond" truecount="0" falsecount="2"/>
      <line num="151" count="0" type="stmt"/>
      <line num="154" count="4" type="stmt"/>
      <line num="159" count="16" type="stmt"/>
      <line num="160" count="9" type="stmt"/>
      <line num="161" count="9" type="stmt"/>
      <line num="162" count="2" type="cond" truecount="1" falsecount="1"/>
      <line num="163" count="1" type="stmt"/>
      <line num="164" count="1" type="stmt"/>
      <line num="165" count="0" type="cond" truecount="0" falsecount="2"/>
      <line num="166" count="0" type="stmt"/>
      <line num="169" count="2" type="stmt"/>
      <line num="174" count="16" type="stmt"/>
      <line num="175" count="0" type="stmt"/>
      <line num="176" count="0" type="stmt"/>
      <line num="179" count="16" type="stmt"/>
      <line num="180" count="16" type="cond" truecount="2" falsecount="0"/>
      <line num="181" count="14" type="stmt"/>
      <line num="184" count="2" type="stmt"/>
      <line num="185" count="2" type="stmt"/>
      <line num="188" count="16" type="stmt"/>
    </file>
  </project>
</coverage>
