{"D:\\CONG VIEC\\vaultic\\client\\packages\\sync\\src\\conflict-resolver.ts": {"path":"D:\\CONG VIEC\\vaultic\\client\\packages\\sync\\src\\conflict-resolver.ts","statementMap":{"0":{"start":{"line":12,"column":22},"end":{"line":12,"column":58}},"1":{"start":{"line":13,"column":23},"end":{"line":13,"column":60}},"2":{"start":{"line":14,"column":4},"end":{"line":14,"column":null}},"3":{"start":{"line":12,"column":22},"end":{"line":12,"column":null}},"4":{"start":{"line":13,"column":23},"end":{"line":13,"column":null}}},"fnMap":{"0":{"name":"(anonymous_0)","decl":{"start":{"line":11,"column":2},"end":{"line":11,"column":9}},"loc":{"start":{"line":11,"column":43},"end":{"line":15,"column":null}},"line":11},"1":{"name":"(anonymous_0)","decl":{"start":{"line":11,"column":2},"end":{"line":11,"column":10}},"loc":{"start":{"line":11,"column":55},"end":{"line":15,"column":null}},"line":11}},"branchMap":{"0":{"loc":{"start":{"line":14,"column":11},"end":{"line":14,"column":50}},"type":"cond-expr","locations":[{"start":{"line":14,"column":36},"end":{"line":14,"column":42}},{"start":{"line":14,"column":45},"end":{"line":14,"column":50}}],"line":14},"1":{"loc":{"start":{"line":14,"column":11},"end":{"line":14,"column":null}},"type":"cond-expr","locations":[{"start":{"line":14,"column":36},"end":{"line":14,"column":45}},{"start":{"line":14,"column":45},"end":{"line":14,"column":null}}],"line":14}},"s":{"0":8,"1":8,"2":8,"3":4,"4":4},"f":{"0":4,"1":8},"b":{"0":[4,4],"1":[2,2]},"meta":{"lastBranch":1,"lastFunction":1,"lastStatement":3,"seen":{"f:11:2:11:9":0,"s:12:22:12:58":0,"s:13:23:13:60":1,"s:14:4:14:Infinity":2,"b:14:36:14:42:14:45:14:50":0}}}
,"D:\\CONG VIEC\\vaultic\\client\\packages\\sync\\src\\device.ts": {"path":"D:\\CONG VIEC\\vaultic\\client\\packages\\sync\\src\\device.ts","statementMap":{"0":{"start":{"line":5,"column":30},"end":{"line":5,"column":null}},"1":{"start":{"line":8,"column":18},"end":{"line":8,"column":null}},"2":{"start":{"line":12,"column":2},"end":{"line":12,"column":null}},"3":{"start":{"line":12,"column":16},"end":{"line":12,"column":null}},"4":{"start":{"line":15,"column":2},"end":{"line":25,"column":null}},"5":{"start":{"line":16,"column":4},"end":{"line":24,"column":null}},"6":{"start":{"line":17,"column":21},"end":{"line":17,"column":null}},"7":{"start":{"line":18,"column":6},"end":{"line":21,"column":null}},"8":{"start":{"line":19,"column":8},"end":{"line":19,"column":null}},"9":{"start":{"line":20,"column":8},"end":{"line":20,"column":null}},"10":{"start":{"line":28,"column":2},"end":{"line":36,"column":null}},"11":{"start":{"line":29,"column":19},"end":{"line":29,"column":null}},"12":{"start":{"line":30,"column":4},"end":{"line":33,"column":null}},"13":{"start":{"line":31,"column":6},"end":{"line":31,"column":null}},"14":{"start":{"line":32,"column":6},"end":{"line":32,"column":null}},"15":{"start":{"line":39,"column":13},"end":{"line":39,"column":null}},"16":{"start":{"line":40,"column":2},"end":{"line":40,"column":null}},"17":{"start":{"line":42,"column":2},"end":{"line":46,"column":null}},"18":{"start":{"line":43,"column":4},"end":{"line":43,"column":null}},"19":{"start":{"line":43,"column":10},"end":{"line":43,"column":72}},"20":{"start":{"line":45,"column":4},"end":{"line":45,"column":null}},"21":{"start":{"line":45,"column":10},"end":{"line":45,"column":69}},"22":{"start":{"line":48,"column":2},"end":{"line":48,"column":null}},"23":{"start":{"line":5,"column":30},"end":{"line":5,"column":34}},"24":{"start":{"line":8,"column":18},"end":{"line":8,"column":92}},"25":{"start":{"line":17,"column":21},"end":{"line":17,"column":75}},"26":{"start":{"line":29,"column":19},"end":{"line":29,"column":72}},"27":{"start":{"line":39,"column":13},"end":{"line":39,"column":32}}},"fnMap":{"0":{"name":"getDeviceId","decl":{"start":{"line":11,"column":22},"end":{"line":11,"column":53}},"loc":{"start":{"line":11,"column":53},"end":{"line":49,"column":null}},"line":11},"1":{"name":"getDeviceId","decl":{"start":{"line":11,"column":22},"end":{"line":11,"column":33}},"loc":{"start":{"line":11,"column":33},"end":{"line":49,"column":null}},"line":11}},"branchMap":{"0":{"loc":{"start":{"line":8,"column":18},"end":{"line":8,"column":null}},"type":"cond-expr","locations":[{"start":{"line":8,"column":55},"end":{"line":8,"column":83}},{"start":{"line":8,"column":83},"end":{"line":8,"column":null}}],"line":8},"1":{"loc":{"start":{"line":12,"column":2},"end":{"line":12,"column":null}},"type":"if","locations":[{"start":{"line":12,"column":2},"end":{"line":12,"column":null}},{"start":{},"end":{}}],"line":12},"2":{"loc":{"start":{"line":15,"column":2},"end":{"line":25,"column":null}},"type":"if","locations":[{"start":{"line":15,"column":2},"end":{"line":25,"column":null}},{"start":{},"end":{}}],"line":15},"3":{"loc":{"start":{"line":18,"column":6},"end":{"line":21,"column":null}},"type":"if","locations":[{"start":{"line":18,"column":6},"end":{"line":21,"column":null}},{"start":{},"end":{}}],"line":18},"4":{"loc":{"start":{"line":30,"column":4},"end":{"line":33,"column":null}},"type":"if","locations":[{"start":{"line":30,"column":4},"end":{"line":33,"column":null}},{"start":{},"end":{}}],"line":30},"5":{"loc":{"start":{"line":42,"column":2},"end":{"line":46,"column":null}},"type":"if","locations":[{"start":{"line":42,"column":2},"end":{"line":46,"column":null}},{"start":{"line":44,"column":9},"end":{"line":46,"column":null}}],"line":42},"6":{"loc":{"start":{"line":8,"column":18},"end":{"line":8,"column":92}},"type":"cond-expr","locations":[{"start":{"line":8,"column":55},"end":{"line":8,"column":80}},{"start":{"line":8,"column":83},"end":{"line":8,"column":92}}],"line":8}},"s":{"0":1,"1":1,"2":8,"3":6,"4":2,"5":0,"6":0,"7":0,"8":0,"9":0,"10":2,"11":2,"12":8,"13":0,"14":0,"15":1,"16":2,"17":2,"18":0,"19":0,"20":2,"21":2,"22":2,"23":2,"24":2,"25":0,"26":2,"27":2},"f":{"0":8,"1":4},"b":{"0":[1,0],"1":[6,2],"2":[0,2],"3":[0,0],"4":[0,8],"5":[0,2],"6":[2,0]},"meta":{"lastBranch":6,"lastFunction":1,"lastStatement":23,"seen":{"s:5:30:5:Infinity":0,"s:8:18:8:Infinity":1,"b:8:55:8:83:8:83:8:Infinity":0,"f:11:22:11:53":0,"b:12:2:12:Infinity:undefined:undefined:undefined:undefined":1,"s:12:2:12:Infinity":2,"s:12:16:12:Infinity":3,"b:15:2:25:Infinity:undefined:undefined:undefined:undefined":2,"s:15:2:25:Infinity":4,"s:16:4:24:Infinity":5,"s:17:21:17:Infinity":6,"b:18:6:21:Infinity:undefined:undefined:undefined:undefined":3,"s:18:6:21:Infinity":7,"s:19:8:19:Infinity":8,"s:20:8:20:Infinity":9,"s:28:2:36:Infinity":10,"s:29:19:29:Infinity":11,"b:30:4:33:Infinity:undefined:undefined:undefined:undefined":4,"s:30:4:33:Infinity":12,"s:31:6:31:Infinity":13,"s:32:6:32:Infinity":14,"s:39:13:39:Infinity":15,"s:40:2:40:Infinity":16,"b:42:2:46:Infinity:44:9:46:Infinity":5,"s:42:2:46:Infinity":17,"s:43:4:43:Infinity":18,"s:43:10:43:72":19,"s:45:4:45:Infinity":20,"s:45:10:45:69":21,"s:48:2:48:Infinity":22}}}
,"D:\\CONG VIEC\\vaultic\\client\\packages\\sync\\src\\sync-engine.ts": {"path":"D:\\CONG VIEC\\vaultic\\client\\packages\\sync\\src\\sync-engine.ts","statementMap":{"0":{"start":{"line":35,"column":23},"end":{"line":35,"column":null}},"1":{"start":{"line":38,"column":12},"end":{"line":38,"column":null}},"2":{"start":{"line":39,"column":12},"end":{"line":39,"column":null}},"3":{"start":{"line":40,"column":12},"end":{"line":40,"column":null}},"4":{"start":{"line":41,"column":12},"end":{"line":41,"column":null}},"5":{"start":{"line":42,"column":12},"end":{"line":42,"column":null}},"6":{"start":{"line":46,"column":4},"end":{"line":48,"column":null}},"7":{"start":{"line":47,"column":6},"end":{"line":47,"column":null}},"8":{"start":{"line":49,"column":4},"end":{"line":51,"column":null}},"9":{"start":{"line":50,"column":6},"end":{"line":50,"column":null}},"10":{"start":{"line":52,"column":4},"end":{"line":52,"column":null}},"11":{"start":{"line":53,"column":4},"end":{"line":57,"column":null}},"12":{"start":{"line":54,"column":6},"end":{"line":54,"column":null}},"13":{"start":{"line":56,"column":6},"end":{"line":56,"column":null}},"14":{"start":{"line":62,"column":21},"end":{"line":62,"column":null}},"15":{"start":{"line":63,"column":17},"end":{"line":63,"column":null}},"16":{"start":{"line":64,"column":17},"end":{"line":64,"column":null}},"17":{"start":{"line":65,"column":20},"end":{"line":65,"column":null}},"18":{"start":{"line":68,"column":4},"end":{"line":112,"column":null}},"19":{"start":{"line":69,"column":22},"end":{"line":69,"column":null}},"20":{"start":{"line":70,"column":6},"end":{"line":108,"column":null}},"21":{"start":{"line":72,"column":28},"end":{"line":72,"column":null}},"22":{"start":{"line":72,"column":50},"end":{"line":72,"column":69}},"23":{"start":{"line":73,"column":30},"end":{"line":73,"column":null}},"24":{"start":{"line":73,"column":52},"end":{"line":73,"column":71}},"25":{"start":{"line":75,"column":24},"end":{"line":75,"column":null}},"26":{"start":{"line":75,"column":55},"end":{"line":75,"column":64}},"27":{"start":{"line":76,"column":35},"end":{"line":76,"column":null}},"28":{"start":{"line":77,"column":8},"end":{"line":80,"column":null}},"29":{"start":{"line":78,"column":23},"end":{"line":78,"column":null}},"30":{"start":{"line":79,"column":10},"end":{"line":79,"column":null}},"31":{"start":{"line":79,"column":20},"end":{"line":79,"column":null}},"32":{"start":{"line":82,"column":26},"end":{"line":82,"column":null}},"33":{"start":{"line":82,"column":59},"end":{"line":82,"column":68}},"34":{"start":{"line":83,"column":34},"end":{"line":83,"column":null}},"35":{"start":{"line":84,"column":8},"end":{"line":87,"column":null}},"36":{"start":{"line":85,"column":25},"end":{"line":85,"column":null}},"37":{"start":{"line":86,"column":10},"end":{"line":86,"column":null}},"38":{"start":{"line":86,"column":22},"end":{"line":86,"column":null}},"39":{"start":{"line":89,"column":23},"end":{"line":98,"column":null}},"40":{"start":{"line":92,"column":39},"end":{"line":97,"column":12}},"41":{"start":{"line":101,"column":28},"end":{"line":101,"column":null}},"42":{"start":{"line":102,"column":28},"end":{"line":104,"column":null}},"43":{"start":{"line":103,"column":25},"end":{"line":103,"column":51}},"44":{"start":{"line":104,"column":22},"end":{"line":104,"column":26}},"45":{"start":{"line":105,"column":8},"end":{"line":105,"column":null}},"46":{"start":{"line":106,"column":8},"end":{"line":106,"column":null}},"47":{"start":{"line":107,"column":8},"end":{"line":107,"column":null}},"48":{"start":{"line":110,"column":6},"end":{"line":110,"column":null}},"49":{"start":{"line":111,"column":6},"end":{"line":111,"column":null}},"50":{"start":{"line":115,"column":4},"end":{"line":186,"column":null}},"51":{"start":{"line":116,"column":26},"end":{"line":116,"column":null}},"52":{"start":{"line":117,"column":23},"end":{"line":117,"column":null}},"53":{"start":{"line":120,"column":36},"end":{"line":120,"column":null}},"54":{"start":{"line":121,"column":24},"end":{"line":121,"column":null}},"55":{"start":{"line":122,"column":27},"end":{"line":122,"column":null}},"56":{"start":{"line":123,"column":34},"end":{"line":123,"column":null}},"57":{"start":{"line":124,"column":23},"end":{"line":124,"column":null}},"58":{"start":{"line":125,"column":24},"end":{"line":125,"column":null}},"59":{"start":{"line":127,"column":6},"end":{"line":136,"column":null}},"60":{"start":{"line":127,"column":22},"end":{"line":127,"column":25}},"61":{"start":{"line":128,"column":22},"end":{"line":128,"column":null}},"62":{"start":{"line":129,"column":8},"end":{"line":129,"column":null}},"63":{"start":{"line":131,"column":8},"end":{"line":131,"column":null}},"64":{"start":{"line":131,"column":39},"end":{"line":131,"column":null}},"65":{"start":{"line":132,"column":8},"end":{"line":132,"column":null}},"66":{"start":{"line":132,"column":44},"end":{"line":132,"column":null}},"67":{"start":{"line":133,"column":8},"end":{"line":133,"column":null}},"68":{"start":{"line":134,"column":8},"end":{"line":134,"column":null}},"69":{"start":{"line":134,"column":51},"end":{"line":134,"column":null}},"70":{"start":{"line":135,"column":8},"end":{"line":135,"column":null}},"71":{"start":{"line":138,"column":25},"end":{"line":138,"column":null}},"72":{"start":{"line":139,"column":28},"end":{"line":139,"column":null}},"73":{"start":{"line":141,"column":6},"end":{"line":156,"column":null}},"74":{"start":{"line":143,"column":23},"end":{"line":143,"column":null}},"75":{"start":{"line":144,"column":22},"end":{"line":144,"column":null}},"76":{"start":{"line":145,"column":8},"end":{"line":155,"column":null}},"77":{"start":{"line":146,"column":25},"end":{"line":149,"column":null}},"78":{"start":{"line":150,"column":10},"end":{"line":152,"column":null}},"79":{"start":{"line":151,"column":12},"end":{"line":151,"column":null}},"80":{"start":{"line":154,"column":10},"end":{"line":154,"column":null}},"81":{"start":{"line":159,"column":6},"end":{"line":171,"column":null}},"82":{"start":{"line":160,"column":31},"end":{"line":160,"column":null}},"83":{"start":{"line":161,"column":28},"end":{"line":161,"column":null}},"84":{"start":{"line":162,"column":8},"end":{"line":170,"column":null}},"85":{"start":{"line":163,"column":28},"end":{"line":163,"column":null}},"86":{"start":{"line":164,"column":29},"end":{"line":164,"column":null}},"87":{"start":{"line":165,"column":10},"end":{"line":167,"column":null}},"88":{"start":{"line":166,"column":12},"end":{"line":166,"column":null}},"89":{"start":{"line":169,"column":10},"end":{"line":169,"column":null}},"90":{"start":{"line":174,"column":6},"end":{"line":177,"column":null}},"91":{"start":{"line":175,"column":8},"end":{"line":175,"column":null}},"92":{"start":{"line":176,"column":8},"end":{"line":176,"column":null}},"93":{"start":{"line":179,"column":6},"end":{"line":179,"column":null}},"94":{"start":{"line":180,"column":6},"end":{"line":182,"column":null}},"95":{"start":{"line":181,"column":8},"end":{"line":181,"column":null}},"96":{"start":{"line":184,"column":6},"end":{"line":184,"column":null}},"97":{"start":{"line":185,"column":6},"end":{"line":185,"column":null}},"98":{"start":{"line":188,"column":4},"end":{"line":188,"column":null}},"99":{"start":{"line":35,"column":23},"end":{"line":35,"column":28}},"100":{"start":{"line":38,"column":12},"end":{"line":38,"column":140}},"101":{"start":{"line":39,"column":12},"end":{"line":39,"column":28}},"102":{"start":{"line":40,"column":12},"end":{"line":40,"column":31}},"103":{"start":{"line":41,"column":12},"end":{"line":41,"column":38}},"104":{"start":{"line":42,"column":12},"end":{"line":42,"column":26}},"105":{"start":{"line":62,"column":21},"end":{"line":62,"column":40}},"106":{"start":{"line":63,"column":17},"end":{"line":63,"column":18}},"107":{"start":{"line":64,"column":17},"end":{"line":64,"column":18}},"108":{"start":{"line":65,"column":20},"end":{"line":65,"column":21}},"109":{"start":{"line":69,"column":22},"end":{"line":69,"column":62}},"110":{"start":{"line":72,"column":28},"end":{"line":72,"column":70}},"111":{"start":{"line":73,"column":30},"end":{"line":73,"column":72}},"112":{"start":{"line":75,"column":24},"end":{"line":75,"column":66}},"113":{"start":{"line":76,"column":35},"end":{"line":76,"column":37}},"114":{"start":{"line":78,"column":23},"end":{"line":78,"column":64}},"115":{"start":{"line":82,"column":26},"end":{"line":82,"column":70}},"116":{"start":{"line":83,"column":34},"end":{"line":83,"column":36}},"117":{"start":{"line":85,"column":25},"end":{"line":85,"column":68}},"118":{"start":{"line":89,"column":23},"end":{"line":98,"column":10}},"119":{"start":{"line":101,"column":28},"end":{"line":101,"column":91}},"120":{"start":{"line":102,"column":28},"end":{"line":104,"column":27}},"121":{"start":{"line":116,"column":26},"end":{"line":116,"column":52}},"122":{"start":{"line":117,"column":23},"end":{"line":117,"column":64}},"123":{"start":{"line":120,"column":36},"end":{"line":120,"column":38}},"124":{"start":{"line":121,"column":24},"end":{"line":121,"column":142}},"125":{"start":{"line":122,"column":27},"end":{"line":122,"column":44}},"126":{"start":{"line":123,"column":34},"end":{"line":123,"column":38}},"127":{"start":{"line":124,"column":23},"end":{"line":124,"column":25}},"128":{"start":{"line":125,"column":24},"end":{"line":125,"column":26}},"129":{"start":{"line":127,"column":22},"end":{"line":127,"column":23}},"130":{"start":{"line":128,"column":22},"end":{"line":128,"column":69}},"131":{"start":{"line":138,"column":25},"end":{"line":138,"column":55}},"132":{"start":{"line":139,"column":28},"end":{"line":139,"column":52}},"133":{"start":{"line":143,"column":23},"end":{"line":143,"column":75}},"134":{"start":{"line":144,"column":22},"end":{"line":144,"column":74}},"135":{"start":{"line":146,"column":25},"end":{"line":148,"column":null}},"136":{"start":{"line":160,"column":31},"end":{"line":160,"column":109}},"137":{"start":{"line":161,"column":28},"end":{"line":161,"column":84}},"138":{"start":{"line":163,"column":28},"end":{"line":163,"column":70}},"139":{"start":{"line":164,"column":29},"end":{"line":164,"column":72}}},"fnMap":{"0":{"name":"(anonymous_0)","decl":{"start":{"line":37,"column":2},"end":{"line":37,"column":null}},"loc":{"start":{"line":43,"column":4},"end":{"line":43,"column":null}},"line":43},"1":{"name":"(anonymous_1)","decl":{"start":{"line":45,"column":8},"end":{"line":45,"column":36}},"loc":{"start":{"line":45,"column":36},"end":{"line":58,"column":null}},"line":45},"2":{"name":"(anonymous_2)","decl":{"start":{"line":60,"column":16},"end":{"line":60,"column":47}},"loc":{"start":{"line":60,"column":47},"end":{"line":189,"column":null}},"line":60},"3":{"name":"(anonymous_3)","decl":{"start":{"line":72,"column":43},"end":{"line":72,"column":44}},"loc":{"start":{"line":72,"column":50},"end":{"line":72,"column":69}},"line":72},"4":{"name":"(anonymous_4)","decl":{"start":{"line":73,"column":45},"end":{"line":73,"column":46}},"loc":{"start":{"line":73,"column":52},"end":{"line":73,"column":71}},"line":73},"5":{"name":"(anonymous_5)","decl":{"start":{"line":75,"column":48},"end":{"line":75,"column":49}},"loc":{"start":{"line":75,"column":55},"end":{"line":75,"column":64}},"line":75},"6":{"name":"(anonymous_6)","decl":{"start":{"line":82,"column":52},"end":{"line":82,"column":53}},"loc":{"start":{"line":82,"column":59},"end":{"line":82,"column":68}},"line":82},"7":{"name":"(anonymous_7)","decl":{"start":{"line":92,"column":31},"end":{"line":92,"column":32}},"loc":{"start":{"line":92,"column":39},"end":{"line":97,"column":12}},"line":92},"8":{"name":"(anonymous_8)","decl":{"start":{"line":103,"column":18},"end":{"line":103,"column":19}},"loc":{"start":{"line":103,"column":25},"end":{"line":103,"column":51}},"line":103},"9":{"name":"(anonymous_9)","decl":{"start":{"line":104,"column":15},"end":{"line":104,"column":16}},"loc":{"start":{"line":104,"column":22},"end":{"line":104,"column":26}},"line":104},"10":{"name":"(anonymous_0)","decl":{"start":{"line":37,"column":2},"end":{"line":37,"column":null}},"loc":{"start":{"line":42,"column":26},"end":{"line":43,"column":null}},"line":42},"11":{"name":"(anonymous_1)","decl":{"start":{"line":45,"column":8},"end":{"line":45,"column":12}},"loc":{"start":{"line":45,"column":12},"end":{"line":58,"column":null}},"line":45},"12":{"name":"(anonymous_2)","decl":{"start":{"line":60,"column":16},"end":{"line":60,"column":23}},"loc":{"start":{"line":60,"column":23},"end":{"line":189,"column":null}},"line":60}},"branchMap":{"0":{"loc":{"start":{"line":46,"column":4},"end":{"line":48,"column":null}},"type":"if","locations":[{"start":{"line":46,"column":4},"end":{"line":48,"column":null}},{"start":{},"end":{}}],"line":46},"1":{"loc":{"start":{"line":49,"column":4},"end":{"line":51,"column":null}},"type":"if","locations":[{"start":{"line":49,"column":4},"end":{"line":51,"column":null}},{"start":{},"end":{}}],"line":49},"2":{"loc":{"start":{"line":49,"column":8},"end":{"line":49,"column":63}},"type":"binary-expr","locations":[{"start":{"line":49,"column":8},"end":{"line":49,"column":44}},{"start":{"line":49,"column":44},"end":{"line":49,"column":63}}],"line":49},"3":{"loc":{"start":{"line":70,"column":6},"end":{"line":108,"column":null}},"type":"if","locations":[{"start":{"line":70,"column":6},"end":{"line":108,"column":null}},{"start":{},"end":{}}],"line":70},"4":{"loc":{"start":{"line":79,"column":10},"end":{"line":79,"column":null}},"type":"if","locations":[{"start":{"line":79,"column":10},"end":{"line":79,"column":null}},{"start":{},"end":{}}],"line":79},"5":{"loc":{"start":{"line":86,"column":10},"end":{"line":86,"column":null}},"type":"if","locations":[{"start":{"line":86,"column":10},"end":{"line":86,"column":null}},{"start":{},"end":{}}],"line":86},"6":{"loc":{"start":{"line":134,"column":8},"end":{"line":134,"column":null}},"type":"if","locations":[{"start":{"line":134,"column":8},"end":{"line":134,"column":null}},{"start":{},"end":{}}],"line":134},"7":{"loc":{"start":{"line":134,"column":12},"end":{"line":134,"column":51}},"type":"binary-expr","locations":[{"start":{"line":134,"column":12},"end":{"line":134,"column":31}},{"start":{"line":134,"column":31},"end":{"line":134,"column":51}}],"line":134},"8":{"loc":{"start":{"line":145,"column":8},"end":{"line":155,"column":null}},"type":"if","locations":[{"start":{"line":145,"column":8},"end":{"line":155,"column":null}},{"start":{"line":153,"column":15},"end":{"line":155,"column":null}}],"line":145},"9":{"loc":{"start":{"line":150,"column":10},"end":{"line":152,"column":null}},"type":"if","locations":[{"start":{"line":150,"column":10},"end":{"line":152,"column":null}},{"start":{},"end":{}}],"line":150},"10":{"loc":{"start":{"line":162,"column":8},"end":{"line":170,"column":null}},"type":"if","locations":[{"start":{"line":162,"column":8},"end":{"line":170,"column":null}},{"start":{"line":168,"column":15},"end":{"line":170,"column":null}}],"line":162},"11":{"loc":{"start":{"line":165,"column":10},"end":{"line":167,"column":null}},"type":"if","locations":[{"start":{"line":165,"column":10},"end":{"line":167,"column":null}},{"start":{},"end":{}}],"line":165},"12":{"loc":{"start":{"line":180,"column":6},"end":{"line":182,"column":null}},"type":"if","locations":[{"start":{"line":180,"column":6},"end":{"line":182,"column":null}},{"start":{},"end":{}}],"line":180},"13":{"loc":{"start":{"line":49,"column":8},"end":{"line":49,"column":61}},"type":"binary-expr","locations":[{"start":{"line":49,"column":8},"end":{"line":49,"column":40}},{"start":{"line":49,"column":44},"end":{"line":49,"column":61}}],"line":49},"14":{"loc":{"start":{"line":134,"column":12},"end":{"line":134,"column":49}},"type":"binary-expr","locations":[{"start":{"line":134,"column":12},"end":{"line":134,"column":27}},{"start":{"line":134,"column":31},"end":{"line":134,"column":49}}],"line":134}},"s":{"0":10,"1":10,"2":10,"3":10,"4":10,"5":10,"6":24,"7":2,"8":22,"9":0,"10":22,"11":22,"12":22,"13":22,"14":11,"15":11,"16":11,"17":11,"18":22,"19":22,"20":18,"21":10,"22":2,"23":10,"24":2,"25":10,"26":2,"27":10,"28":2,"29":2,"30":2,"31":2,"32":10,"33":0,"34":10,"35":2,"36":1,"37":0,"38":0,"39":10,"40":0,"41":10,"42":10,"43":2,"44":2,"45":2,"46":2,"47":2,"48":4,"49":4,"50":18,"51":18,"52":18,"53":18,"54":18,"55":18,"56":18,"57":18,"58":18,"59":18,"60":18,"61":21,"62":22,"63":22,"64":4,"65":22,"66":0,"67":22,"68":22,"69":16,"70":6,"71":17,"72":17,"73":16,"74":10,"75":10,"76":4,"77":2,"78":0,"79":0,"80":4,"81":16,"82":9,"83":9,"84":2,"85":1,"86":1,"87":0,"88":0,"89":2,"90":16,"91":0,"92":0,"93":16,"94":16,"95":14,"96":2,"97":2,"98":16,"99":20,"100":20,"101":20,"102":20,"103":20,"104":20,"105":22,"106":22,"107":22,"108":22,"109":22,"110":2,"111":2,"112":2,"113":2,"114":2,"115":2,"116":2,"117":0,"118":2,"119":2,"120":2,"121":18,"122":18,"123":18,"124":18,"125":18,"126":18,"127":18,"128":18,"129":18,"130":24,"131":16,"132":16,"133":4,"134":4,"135":0,"136":2,"137":2,"138":0,"139":0},"f":{"0":20,"1":24,"2":22,"3":2,"4":2,"5":2,"6":0,"7":0,"8":2,"9":2,"10":10,"11":12,"12":11},"b":{"0":[2,22],"1":[0,22],"2":[11,22],"3":[2,16],"4":[2,0],"5":[0,0],"6":[16,6],"7":[19,6],"8":[0,4],"9":[0,0],"10":[0,2],"11":[0,0],"12":[14,2],"13":[22,22],"14":[22,6]},"meta":{"lastBranch":13,"lastFunction":10,"lastStatement":99,"seen":{"s:35:23:35:Infinity":0,"f:37:2:37:Infinity":0,"s:38:12:38:Infinity":1,"s:39:12:39:Infinity":2,"s:40:12:40:Infinity":3,"s:41:12:41:Infinity":4,"s:42:12:42:Infinity":5,"f:45:8:45:36":1,"b:46:4:48:Infinity:undefined:undefined:undefined:undefined":0,"s:46:4:48:Infinity":6,"s:47:6:47:Infinity":7,"b:49:4:51:Infinity:undefined:undefined:undefined:undefined":1,"s:49:4:51:Infinity":8,"b:49:8:49:44:49:44:49:63":2,"s:50:6:50:Infinity":9,"s:52:4:52:Infinity":10,"s:53:4:57:Infinity":11,"s:54:6:54:Infinity":12,"s:56:6:56:Infinity":13,"f:60:16:60:47":2,"s:62:21:62:Infinity":14,"s:63:17:63:Infinity":15,"s:64:17:64:Infinity":16,"s:65:20:65:Infinity":17,"s:68:4:112:Infinity":18,"s:69:22:69:Infinity":19,"b:70:6:108:Infinity:undefined:undefined:undefined:undefined":3,"s:70:6:108:Infinity":20,"s:72:28:72:Infinity":21,"f:72:43:72:44":3,"s:72:50:72:69":22,"s:73:30:73:Infinity":23,"f:73:45:73:46":4,"s:73:52:73:71":24,"s:75:24:75:Infinity":25,"f:75:48:75:49":5,"s:75:55:75:64":26,"s:76:35:76:Infinity":27,"s:77:8:80:Infinity":28,"s:78:23:78:Infinity":29,"b:79:10:79:Infinity:undefined:undefined:undefined:undefined":4,"s:79:10:79:Infinity":30,"s:79:20:79:Infinity":31,"s:82:26:82:Infinity":32,"f:82:52:82:53":6,"s:82:59:82:68":33,"s:83:34:83:Infinity":34,"s:84:8:87:Infinity":35,"s:85:25:85:Infinity":36,"b:86:10:86:Infinity:undefined:undefined:undefined:undefined":5,"s:86:10:86:Infinity":37,"s:86:22:86:Infinity":38,"s:89:23:98:Infinity":39,"f:92:31:92:32":7,"s:92:39:97:12":40,"s:101:28:101:Infinity":41,"s:102:28:104:Infinity":42,"f:103:18:103:19":8,"s:103:25:103:51":43,"f:104:15:104:16":9,"s:104:22:104:26":44,"s:105:8:105:Infinity":45,"s:106:8:106:Infinity":46,"s:107:8:107:Infinity":47,"s:110:6:110:Infinity":48,"s:111:6:111:Infinity":49,"s:115:4:186:Infinity":50,"s:116:26:116:Infinity":51,"s:117:23:117:Infinity":52,"s:120:36:120:Infinity":53,"s:121:24:121:Infinity":54,"s:122:27:122:Infinity":55,"s:123:34:123:Infinity":56,"s:124:23:124:Infinity":57,"s:125:24:125:Infinity":58,"s:127:6:136:Infinity":59,"s:127:22:127:25":60,"s:128:22:128:Infinity":61,"s:129:8:129:Infinity":62,"s:131:8:131:Infinity":63,"s:131:39:131:Infinity":64,"s:132:8:132:Infinity":65,"s:132:44:132:Infinity":66,"s:133:8:133:Infinity":67,"b:134:8:134:Infinity:undefined:undefined:undefined:undefined":6,"s:134:8:134:Infinity":68,"b:134:12:134:31:134:31:134:51":7,"s:134:51:134:Infinity":69,"s:135:8:135:Infinity":70,"s:138:25:138:Infinity":71,"s:139:28:139:Infinity":72,"s:141:6:156:Infinity":73,"s:143:23:143:Infinity":74,"s:144:22:144:Infinity":75,"b:145:8:155:Infinity:153:15:155:Infinity":8,"s:145:8:155:Infinity":76,"s:146:25:149:Infinity":77,"b:150:10:152:Infinity:undefined:undefined:undefined:undefined":9,"s:150:10:152:Infinity":78,"s:151:12:151:Infinity":79,"s:154:10:154:Infinity":80,"s:159:6:171:Infinity":81,"s:160:31:160:Infinity":82,"s:161:28:161:Infinity":83,"b:162:8:170:Infinity:168:15:170:Infinity":10,"s:162:8:170:Infinity":84,"s:163:28:163:Infinity":85,"s:164:29:164:Infinity":86,"b:165:10:167:Infinity:undefined:undefined:undefined:undefined":11,"s:165:10:167:Infinity":87,"s:166:12:166:Infinity":88,"s:169:10:169:Infinity":89,"s:174:6:177:Infinity":90,"s:175:8:175:Infinity":91,"s:176:8:176:Infinity":92,"s:179:6:179:Infinity":93,"b:180:6:182:Infinity:undefined:undefined:undefined:undefined":12,"s:180:6:182:Infinity":94,"s:181:8:181:Infinity":95,"s:184:6:184:Infinity":96,"s:185:6:185:Infinity":97,"s:188:4:188:Infinity":98}}}
}
