<?xml version="1.0" encoding="UTF-8"?>
<coverage generated="1774942188479" clover="3.2.0">
  <project timestamp="1774942188479" name="All files">
    <metrics statements="18" coveredstatements="15" conditionals="8" coveredconditionals="4" methods="16" coveredmethods="12" elements="42" coveredelements="31" complexity="0" loc="18" ncloc="18" packages="1" files="2" classes="2"/>
    <file name="client.ts" path="D:\CONG VIEC\vaultic\client\packages\api\src\client.ts">
      <metrics statements="6" coveredstatements="6" conditionals="2" coveredconditionals="1" methods="4" coveredmethods="4"/>
      <line num="10" count="6" type="stmt"/>
      <line num="13" count="4" type="stmt"/>
      <line num="14" count="2" type="cond" truecount="1" falsecount="1"/>
      <line num="15" count="2" type="stmt"/>
      <line num="16" count="2" type="stmt"/>
      <line num="17" count="2" type="stmt"/>
    </file>
    <file name="sync-api.ts" path="D:\CONG VIEC\vaultic\client\packages\api\src\sync-api.ts">
      <metrics statements="12" coveredstatements="9" conditionals="6" coveredconditionals="3" methods="12" coveredmethods="8"/>
      <line num="12" count="6" type="stmt"/>
      <line num="15" count="2" type="stmt"/>
      <line num="24" count="2" type="stmt"/>
      <line num="25" count="2" type="stmt"/>
      <line num="26" count="2" type="cond" truecount="1" falsecount="1"/>
      <line num="27" count="2" type="cond" truecount="1" falsecount="1"/>
      <line num="28" count="2" type="cond" truecount="1" falsecount="1"/>
      <line num="29" count="2" type="stmt"/>
      <line num="33" count="2" type="stmt"/>
      <line num="37" count="0" type="stmt"/>
      <line num="41" count="0" type="stmt"/>
      <line num="42" count="0" type="stmt"/>
    </file>
  </project>
</coverage>
