{"D:\\CONG VIEC\\vaultic\\client\\packages\\api\\src\\client.ts": {"path":"D:\\CONG VIEC\\vaultic\\client\\packages\\api\\src\\client.ts","statementMap":{"0":{"start":{"line":10,"column":2},"end":{"line":20,"column":null}},"1":{"start":{"line":13,"column":20},"end":{"line":13,"column":30}},"2":{"start":{"line":14,"column":6},"end":{"line":18,"column":null}},"3":{"start":{"line":15,"column":24},"end":{"line":15,"column":52}},"4":{"start":{"line":16,"column":8},"end":{"line":16,"column":null}},"5":{"start":{"line":17,"column":8},"end":{"line":17,"column":null}},"6":{"start":{"line":13,"column":20},"end":{"line":13,"column":null}},"7":{"start":{"line":15,"column":24},"end":{"line":15,"column":null}}},"fnMap":{"0":{"name":"createApiClient","decl":{"start":{"line":6,"column":16},"end":{"line":6,"column":31}},"loc":{"start":{"line":8,"column":31},"end":{"line":21,"column":null}},"line":8},"1":{"name":"(anonymous_1)","decl":{"start":{"line":12,"column":4},"end":{"line":12,"column":13}},"loc":{"start":{"line":12,"column":25},"end":{"line":19,"column":5}},"line":12},"2":{"name":"createApiClient","decl":{"start":{"line":6,"column":16},"end":{"line":6,"column":null}},"loc":{"start":{"line":9,"column":10},"end":{"line":21,"column":null}},"line":9},"3":{"name":"(anonymous_1)","decl":{"start":{"line":12,"column":4},"end":{"line":12,"column":14}},"loc":{"start":{"line":12,"column":27},"end":{"line":19,"column":null}},"line":12}},"branchMap":{"0":{"loc":{"start":{"line":14,"column":6},"end":{"line":18,"column":null}},"type":"if","locations":[{"start":{"line":14,"column":6},"end":{"line":18,"column":null}},{"start":{},"end":{}}],"line":14}},"s":{"0":6,"1":2,"2":2,"3":2,"4":2,"5":2,"6":4,"7":2},"f":{"0":3,"1":4,"2":6,"3":4},"b":{"0":[2,0]},"meta":{"lastBranch":1,"lastFunction":2,"lastStatement":6,"seen":{"f:6:16:6:31":0,"s:10:2:20:Infinity":0,"f:12:4:12:13":1,"s:13:20:13:30":1,"b:14:6:18:Infinity:undefined:undefined:undefined:undefined":0,"s:14:6:18:Infinity":2,"s:15:24:15:52":3,"s:16:8:16:Infinity":4,"s:17:8:17:Infinity":5}}}
,"D:\\CONG VIEC\\vaultic\\client\\packages\\api\\src\\sync-api.ts": {"path":"D:\\CONG VIEC\\vaultic\\client\\packages\\api\\src\\sync-api.ts","statementMap":{"0":{"start":{"line":12,"column":22},"end":{"line":12,"column":36}},"1":{"start":{"line":15,"column":4},"end":{"line":15,"column":null}},"2":{"start":{"line":24,"column":18},"end":{"line":24,"column":39}},"3":{"start":{"line":25,"column":4},"end":{"line":25,"column":null}},"4":{"start":{"line":26,"column":4},"end":{"line":26,"column":null}},"5":{"start":{"line":26,"column":22},"end":{"line":26,"column":null}},"6":{"start":{"line":27,"column":4},"end":{"line":27,"column":null}},"7":{"start":{"line":27,"column":22},"end":{"line":27,"column":null}},"8":{"start":{"line":28,"column":4},"end":{"line":28,"column":null}},"9":{"start":{"line":28,"column":23},"end":{"line":28,"column":null}},"10":{"start":{"line":29,"column":4},"end":{"line":29,"column":null}},"11":{"start":{"line":33,"column":4},"end":{"line":33,"column":null}},"12":{"start":{"line":37,"column":4},"end":{"line":37,"column":null}},"13":{"start":{"line":41,"column":16},"end":{"line":41,"column":141}},"14":{"start":{"line":42,"column":4},"end":{"line":42,"column":null}},"15":{"start":{"line":12,"column":22},"end":{"line":12,"column":38}},"16":{"start":{"line":24,"column":18},"end":{"line":24,"column":null}},"17":{"start":{"line":41,"column":16},"end":{"line":41,"column":null}}},"fnMap":{"0":{"name":"(anonymous_0)","decl":{"start":{"line":12,"column":2},"end":{"line":12,"column":22}},"loc":{"start":{"line":12,"column":36},"end":{"line":12,"column":null}},"line":12},"1":{"name":"(anonymous_1)","decl":{"start":{"line":14,"column":8},"end":{"line":14,"column":12}},"loc":{"start":{"line":14,"column":34},"end":{"line":16,"column":null}},"line":14},"2":{"name":"(anonymous_2)","decl":{"start":{"line":18,"column":8},"end":{"line":18,"column":12}},"loc":{"start":{"line":23,"column":3},"end":{"line":30,"column":null}},"line":23},"3":{"name":"(anonymous_3)","decl":{"start":{"line":32,"column":8},"end":{"line":32,"column":13}},"loc":{"start":{"line":32,"column":13},"end":{"line":34,"column":null}},"line":32},"4":{"name":"(anonymous_4)","decl":{"start":{"line":36,"column":8},"end":{"line":36,"column":23}},"loc":{"start":{"line":36,"column":85},"end":{"line":38,"column":null}},"line":36},"5":{"name":"(anonymous_5)","decl":{"start":{"line":40,"column":8},"end":{"line":40,"column":23}},"loc":{"start":{"line":40,"column":23},"end":{"line":43,"column":null}},"line":40},"6":{"name":"(anonymous_0)","decl":{"start":{"line":12,"column":2},"end":{"line":12,"column":22}},"loc":{"start":{"line":12,"column":38},"end":{"line":12,"column":null}},"line":12},"7":{"name":"(anonymous_1)","decl":{"start":{"line":14,"column":8},"end":{"line":14,"column":13}},"loc":{"start":{"line":14,"column":63},"end":{"line":16,"column":null}},"line":14},"8":{"name":"(anonymous_2)","decl":{"start":{"line":18,"column":8},"end":{"line":18,"column":13}},"loc":{"start":{"line":23,"column":32},"end":{"line":30,"column":null}},"line":23},"9":{"name":"(anonymous_3)","decl":{"start":{"line":32,"column":8},"end":{"line":32,"column":31}},"loc":{"start":{"line":32,"column":31},"end":{"line":34,"column":null}},"line":32},"10":{"name":"(anonymous_4)","decl":{"start":{"line":36,"column":8},"end":{"line":36,"column":24}},"loc":{"start":{"line":36,"column":102},"end":{"line":38,"column":null}},"line":36},"11":{"name":"(anonymous_5)","decl":{"start":{"line":40,"column":8},"end":{"line":40,"column":98}},"loc":{"start":{"line":40,"column":98},"end":{"line":43,"column":null}},"line":40}},"branchMap":{"0":{"loc":{"start":{"line":26,"column":4},"end":{"line":26,"column":null}},"type":"if","locations":[{"start":{"line":26,"column":4},"end":{"line":26,"column":null}},{"start":{},"end":{}}],"line":26},"1":{"loc":{"start":{"line":27,"column":4},"end":{"line":27,"column":null}},"type":"if","locations":[{"start":{"line":27,"column":4},"end":{"line":27,"column":null}},{"start":{},"end":{}}],"line":27},"2":{"loc":{"start":{"line":28,"column":4},"end":{"line":28,"column":null}},"type":"if","locations":[{"start":{"line":28,"column":4},"end":{"line":28,"column":null}},{"start":{},"end":{}}],"line":28}},"s":{"0":6,"1":2,"2":2,"3":2,"4":2,"5":0,"6":2,"7":0,"8":2,"9":0,"10":2,"11":2,"12":0,"13":0,"14":0,"15":3,"16":1,"17":0},"f":{"0":3,"1":1,"2":1,"3":1,"4":0,"5":0,"6":6,"7":2,"8":2,"9":2,"10":0,"11":0},"b":{"0":[0,2],"1":[0,2],"2":[0,2]},"meta":{"lastBranch":3,"lastFunction":6,"lastStatement":15,"seen":{"f:12:2:12:22":0,"s:12:22:12:36":0,"f:14:8:14:12":1,"s:15:4:15:Infinity":1,"f:18:8:18:12":2,"s:24:18:24:39":2,"s:25:4:25:Infinity":3,"b:26:4:26:Infinity:undefined:undefined:undefined:undefined":0,"s:26:4:26:Infinity":4,"s:26:22:26:Infinity":5,"b:27:4:27:Infinity:undefined:undefined:undefined:undefined":1,"s:27:4:27:Infinity":6,"s:27:22:27:Infinity":7,"b:28:4:28:Infinity:undefined:undefined:undefined:undefined":2,"s:28:4:28:Infinity":8,"s:28:23:28:Infinity":9,"s:29:4:29:Infinity":10,"f:32:8:32:13":3,"s:33:4:33:Infinity":11,"f:36:8:36:23":4,"s:37:4:37:Infinity":12,"f:40:8:40:23":5,"s:41:16:41:141":13,"s:42:4:42:Infinity":14}}}
}
