{"D:\\CONG VIEC\\vaultic\\client\\packages\\crypto\\src\\cipher.ts": {"path":"D:\\CONG VIEC\\vaultic\\client\\packages\\crypto\\src\\cipher.ts","statementMap":{"0":{"start":{"line":5,"column":19},"end":{"line":5,"column":21}},"1":{"start":{"line":13,"column":18},"end":{"line":13,"column":53}},"2":{"start":{"line":14,"column":16},"end":{"line":14,"column":66}},"3":{"start":{"line":16,"column":21},"end":{"line":19,"column":null}},"4":{"start":{"line":23,"column":17},"end":{"line":23,"column":67}},"5":{"start":{"line":24,"column":2},"end":{"line":24,"column":null}},"6":{"start":{"line":25,"column":2},"end":{"line":25,"column":null}},"7":{"start":{"line":27,"column":2},"end":{"line":27,"column":null}},"8":{"start":{"line":35,"column":15},"end":{"line":35,"column":43}},"9":{"start":{"line":37,"column":2},"end":{"line":39,"column":null}},"10":{"start":{"line":38,"column":4},"end":{"line":38,"column":null}},"11":{"start":{"line":41,"column":16},"end":{"line":41,"column":41}},"12":{"start":{"line":42,"column":21},"end":{"line":42,"column":43}},"13":{"start":{"line":44,"column":20},"end":{"line":47,"column":null}},"14":{"start":{"line":50,"column":2},"end":{"line":50,"column":null}},"15":{"start":{"line":58,"column":16},"end":{"line":58,"column":66}},"16":{"start":{"line":59,"column":21},"end":{"line":62,"column":null}},"17":{"start":{"line":64,"column":17},"end":{"line":64,"column":67}},"18":{"start":{"line":65,"column":2},"end":{"line":65,"column":null}},"19":{"start":{"line":66,"column":2},"end":{"line":66,"column":null}},"20":{"start":{"line":67,"column":2},"end":{"line":67,"column":null}},"21":{"start":{"line":75,"column":14},"end":{"line":75,"column":34}},"22":{"start":{"line":76,"column":16},"end":{"line":76,"column":40}},"23":{"start":{"line":77,"column":21},"end":{"line":77,"column":42}},"24":{"start":{"line":78,"column":20},"end":{"line":81,"column":null}},"25":{"start":{"line":83,"column":2},"end":{"line":83,"column":null}},"26":{"start":{"line":87,"column":15},"end":{"line":87,"column":17}},"27":{"start":{"line":88,"column":2},"end":{"line":90,"column":null}},"28":{"start":{"line":89,"column":4},"end":{"line":89,"column":null}},"29":{"start":{"line":91,"column":2},"end":{"line":91,"column":null}},"30":{"start":{"line":95,"column":17},"end":{"line":95,"column":29}},"31":{"start":{"line":96,"column":16},"end":{"line":96,"column":45}},"32":{"start":{"line":97,"column":2},"end":{"line":99,"column":null}},"33":{"start":{"line":97,"column":15},"end":{"line":97,"column":16}},"34":{"start":{"line":98,"column":4},"end":{"line":98,"column":null}},"35":{"start":{"line":100,"column":2},"end":{"line":100,"column":null}},"36":{"start":{"line":5,"column":19},"end":{"line":5,"column":null}},"37":{"start":{"line":13,"column":18},"end":{"line":13,"column":null}},"38":{"start":{"line":14,"column":16},"end":{"line":14,"column":null}},"39":{"start":{"line":16,"column":21},"end":{"line":20,"column":null}},"40":{"start":{"line":23,"column":17},"end":{"line":23,"column":null}},"41":{"start":{"line":35,"column":15},"end":{"line":35,"column":null}},"42":{"start":{"line":41,"column":16},"end":{"line":41,"column":null}},"43":{"start":{"line":42,"column":21},"end":{"line":42,"column":null}},"44":{"start":{"line":44,"column":20},"end":{"line":48,"column":null}},"45":{"start":{"line":58,"column":16},"end":{"line":58,"column":null}},"46":{"start":{"line":59,"column":21},"end":{"line":63,"column":null}},"47":{"start":{"line":64,"column":17},"end":{"line":64,"column":null}},"48":{"start":{"line":75,"column":14},"end":{"line":75,"column":null}},"49":{"start":{"line":76,"column":16},"end":{"line":76,"column":null}},"50":{"start":{"line":77,"column":21},"end":{"line":77,"column":null}},"51":{"start":{"line":78,"column":20},"end":{"line":82,"column":null}},"52":{"start":{"line":87,"column":15},"end":{"line":87,"column":null}},"53":{"start":{"line":95,"column":17},"end":{"line":95,"column":null}},"54":{"start":{"line":96,"column":16},"end":{"line":96,"column":null}},"55":{"start":{"line":97,"column":15},"end":{"line":97,"column":18}}},"fnMap":{"0":{"name":"encrypt","decl":{"start":{"line":9,"column":22},"end":{"line":9,"column":29}},"loc":{"start":{"line":11,"column":19},"end":{"line":28,"column":null}},"line":11},"1":{"name":"decrypt","decl":{"start":{"line":31,"column":22},"end":{"line":31,"column":29}},"loc":{"start":{"line":33,"column":23},"end":{"line":51,"column":null}},"line":33},"2":{"name":"encryptBytes","decl":{"start":{"line":54,"column":22},"end":{"line":54,"column":34}},"loc":{"start":{"line":56,"column":19},"end":{"line":68,"column":null}},"line":56},"3":{"name":"decryptBytes","decl":{"start":{"line":71,"column":22},"end":{"line":71,"column":34}},"loc":{"start":{"line":73,"column":19},"end":{"line":84,"column":null}},"line":73},"4":{"name":"uint8ToBase64","decl":{"start":{"line":86,"column":9},"end":{"line":86,"column":22}},"loc":{"start":{"line":86,"column":40},"end":{"line":92,"column":null}},"line":86},"5":{"name":"base64ToUint8","decl":{"start":{"line":94,"column":9},"end":{"line":94,"column":22}},"loc":{"start":{"line":94,"column":37},"end":{"line":101,"column":null}},"line":94},"6":{"name":"encrypt","decl":{"start":{"line":9,"column":22},"end":{"line":9,"column":null}},"loc":{"start":{"line":12,"column":19},"end":{"line":28,"column":null}},"line":12},"7":{"name":"decrypt","decl":{"start":{"line":31,"column":22},"end":{"line":31,"column":null}},"loc":{"start":{"line":34,"column":19},"end":{"line":51,"column":null}},"line":34},"8":{"name":"encryptBytes","decl":{"start":{"line":54,"column":22},"end":{"line":54,"column":null}},"loc":{"start":{"line":57,"column":23},"end":{"line":68,"column":null}},"line":57},"9":{"name":"decryptBytes","decl":{"start":{"line":71,"column":22},"end":{"line":71,"column":null}},"loc":{"start":{"line":74,"column":23},"end":{"line":84,"column":null}},"line":74},"10":{"name":"uint8ToBase64","decl":{"start":{"line":86,"column":9},"end":{"line":86,"column":23}},"loc":{"start":{"line":86,"column":50},"end":{"line":92,"column":null}},"line":86},"11":{"name":"base64ToUint8","decl":{"start":{"line":94,"column":9},"end":{"line":94,"column":23}},"loc":{"start":{"line":94,"column":51},"end":{"line":101,"column":null}},"line":94}},"branchMap":{"0":{"loc":{"start":{"line":37,"column":2},"end":{"line":39,"column":null}},"type":"if","locations":[{"start":{"line":37,"column":2},"end":{"line":39,"column":null}},{"start":{},"end":{}}],"line":37}},"s":{"0":2,"1":14,"2":14,"3":14,"4":14,"5":14,"6":14,"7":14,"8":10,"9":10,"10":2,"11":8,"12":8,"13":8,"14":6,"15":0,"16":0,"17":0,"18":0,"19":0,"20":0,"21":0,"22":0,"23":0,"24":0,"25":0,"26":14,"27":14,"28":528,"29":14,"30":10,"31":10,"32":10,"33":10,"34":352,"35":10,"36":1,"37":7,"38":7,"39":7,"40":7,"41":5,"42":4,"43":4,"44":4,"45":0,"46":0,"47":0,"48":0,"49":0,"50":0,"51":0,"52":7,"53":5,"54":5,"55":10},"f":{"0":7,"1":5,"2":0,"3":0,"4":7,"5":5,"6":14,"7":10,"8":0,"9":0,"10":14,"11":10},"b":{"0":[2,8]},"meta":{"lastBranch":1,"lastFunction":6,"lastStatement":36,"seen":{"s:5:19:5:21":0,"f:9:22:9:29":0,"s:13:18:13:53":1,"s:14:16:14:66":2,"s:16:21:19:Infinity":3,"s:23:17:23:67":4,"s:24:2:24:Infinity":5,"s:25:2:25:Infinity":6,"s:27:2:27:Infinity":7,"f:31:22:31:29":1,"s:35:15:35:43":8,"b:37:2:39:Infinity:undefined:undefined:undefined:undefined":0,"s:37:2:39:Infinity":9,"s:38:4:38:Infinity":10,"s:41:16:41:41":11,"s:42:21:42:43":12,"s:44:20:47:Infinity":13,"s:50:2:50:Infinity":14,"f:54:22:54:34":2,"s:58:16:58:66":15,"s:59:21:62:Infinity":16,"s:64:17:64:67":17,"s:65:2:65:Infinity":18,"s:66:2:66:Infinity":19,"s:67:2:67:Infinity":20,"f:71:22:71:34":3,"s:75:14:75:34":21,"s:76:16:76:40":22,"s:77:21:77:42":23,"s:78:20:81:Infinity":24,"s:83:2:83:Infinity":25,"f:86:9:86:22":4,"s:87:15:87:17":26,"s:88:2:90:Infinity":27,"s:89:4:89:Infinity":28,"s:91:2:91:Infinity":29,"f:94:9:94:22":5,"s:95:17:95:29":30,"s:96:16:96:45":31,"s:97:2:99:Infinity":32,"s:97:15:97:16":33,"s:98:4:98:Infinity":34,"s:100:2:100:Infinity":35}}}
,"D:\\CONG VIEC\\vaultic\\client\\packages\\crypto\\src\\password-gen.ts": {"path":"D:\\CONG VIEC\\vaultic\\client\\packages\\crypto\\src\\password-gen.ts","statementMap":{"0":{"start":{"line":5,"column":18},"end":{"line":5,"column":null}},"1":{"start":{"line":6,"column":18},"end":{"line":6,"column":null}},"2":{"start":{"line":7,"column":15},"end":{"line":7,"column":null}},"3":{"start":{"line":8,"column":16},"end":{"line":8,"column":null}},"4":{"start":{"line":13,"column":14},"end":{"line":13,"column":null}},"5":{"start":{"line":14,"column":14},"end":{"line":14,"column":null}},"6":{"start":{"line":17,"column":2},"end":{"line":20,"column":null}},"7":{"start":{"line":18,"column":4},"end":{"line":18,"column":null}},"8":{"start":{"line":19,"column":4},"end":{"line":19,"column":null}},"9":{"start":{"line":21,"column":2},"end":{"line":21,"column":null}},"10":{"start":{"line":26,"column":16},"end":{"line":26,"column":null}},"11":{"start":{"line":27,"column":2},"end":{"line":27,"column":null}},"12":{"start":{"line":27,"column":25},"end":{"line":27,"column":null}},"13":{"start":{"line":28,"column":2},"end":{"line":28,"column":null}},"14":{"start":{"line":28,"column":25},"end":{"line":28,"column":null}},"15":{"start":{"line":29,"column":2},"end":{"line":29,"column":null}},"16":{"start":{"line":29,"column":22},"end":{"line":29,"column":null}},"17":{"start":{"line":30,"column":2},"end":{"line":30,"column":null}},"18":{"start":{"line":30,"column":23},"end":{"line":30,"column":null}},"19":{"start":{"line":32,"column":2},"end":{"line":32,"column":null}},"20":{"start":{"line":32,"column":28},"end":{"line":32,"column":null}},"21":{"start":{"line":34,"column":27},"end":{"line":34,"column":null}},"22":{"start":{"line":35,"column":2},"end":{"line":37,"column":null}},"23":{"start":{"line":35,"column":15},"end":{"line":35,"column":18}},"24":{"start":{"line":36,"column":4},"end":{"line":36,"column":null}},"25":{"start":{"line":38,"column":2},"end":{"line":38,"column":null}},"26":{"start":{"line":5,"column":18},"end":{"line":5,"column":46}},"27":{"start":{"line":6,"column":18},"end":{"line":6,"column":46}},"28":{"start":{"line":7,"column":15},"end":{"line":7,"column":27}},"29":{"start":{"line":8,"column":16},"end":{"line":8,"column":44}},"30":{"start":{"line":13,"column":14},"end":{"line":13,"column":69}},"31":{"start":{"line":14,"column":14},"end":{"line":14,"column":32}},"32":{"start":{"line":26,"column":16},"end":{"line":26,"column":18}},"33":{"start":{"line":34,"column":27},"end":{"line":34,"column":29}},"34":{"start":{"line":35,"column":15},"end":{"line":35,"column":16}}},"fnMap":{"0":{"name":"uniformRandomIndex","decl":{"start":{"line":11,"column":9},"end":{"line":11,"column":28}},"loc":{"start":{"line":11,"column":59},"end":{"line":22,"column":null}},"line":11},"1":{"name":"generatePassword","decl":{"start":{"line":25,"column":16},"end":{"line":25,"column":33}},"loc":{"start":{"line":25,"column":70},"end":{"line":39,"column":null}},"line":25},"2":{"name":"uniformRandomIndex","decl":{"start":{"line":11,"column":9},"end":{"line":11,"column":27}},"loc":{"start":{"line":11,"column":49},"end":{"line":22,"column":null}},"line":11},"3":{"name":"generatePassword","decl":{"start":{"line":25,"column":16},"end":{"line":25,"column":32}},"loc":{"start":{"line":25,"column":60},"end":{"line":39,"column":null}},"line":25}},"branchMap":{"0":{"loc":{"start":{"line":27,"column":2},"end":{"line":27,"column":null}},"type":"if","locations":[{"start":{"line":27,"column":2},"end":{"line":27,"column":null}},{"start":{},"end":{}}],"line":27},"1":{"loc":{"start":{"line":28,"column":2},"end":{"line":28,"column":null}},"type":"if","locations":[{"start":{"line":28,"column":2},"end":{"line":28,"column":null}},{"start":{},"end":{}}],"line":28},"2":{"loc":{"start":{"line":29,"column":2},"end":{"line":29,"column":null}},"type":"if","locations":[{"start":{"line":29,"column":2},"end":{"line":29,"column":null}},{"start":{},"end":{}}],"line":29},"3":{"loc":{"start":{"line":30,"column":2},"end":{"line":30,"column":null}},"type":"if","locations":[{"start":{"line":30,"column":2},"end":{"line":30,"column":null}},{"start":{},"end":{}}],"line":30},"4":{"loc":{"start":{"line":32,"column":2},"end":{"line":32,"column":null}},"type":"if","locations":[{"start":{"line":32,"column":2},"end":{"line":32,"column":null}},{"start":{},"end":{}}],"line":32}},"s":{"0":1,"1":1,"2":1,"3":1,"4":290,"5":290,"6":580,"7":580,"8":580,"9":580,"10":8,"11":16,"12":8,"13":16,"14":8,"15":16,"16":8,"17":16,"18":6,"19":16,"20":2,"21":8,"22":16,"23":16,"24":580,"25":16,"26":2,"27":2,"28":2,"29":2,"30":580,"31":580,"32":16,"33":16,"34":16},"f":{"0":580,"1":16,"2":290,"3":8},"b":{"0":[8,8],"1":[8,8],"2":[8,8],"3":[6,10],"4":[2,14]},"meta":{"lastBranch":5,"lastFunction":2,"lastStatement":26,"seen":{"s:5:18:5:Infinity":0,"s:6:18:6:Infinity":1,"s:7:15:7:Infinity":2,"s:8:16:8:Infinity":3,"f:11:9:11:28":0,"s:13:14:13:Infinity":4,"s:14:14:14:Infinity":5,"s:17:2:20:Infinity":6,"s:18:4:18:Infinity":7,"s:19:4:19:Infinity":8,"s:21:2:21:Infinity":9,"f:25:16:25:33":1,"s:26:16:26:Infinity":10,"b:27:2:27:Infinity:undefined:undefined:undefined:undefined":0,"s:27:2:27:Infinity":11,"s:27:25:27:Infinity":12,"b:28:2:28:Infinity:undefined:undefined:undefined:undefined":1,"s:28:2:28:Infinity":13,"s:28:25:28:Infinity":14,"b:29:2:29:Infinity:undefined:undefined:undefined:undefined":2,"s:29:2:29:Infinity":15,"s:29:22:29:Infinity":16,"b:30:2:30:Infinity:undefined:undefined:undefined:undefined":3,"s:30:2:30:Infinity":17,"s:30:23:30:Infinity":18,"b:32:2:32:Infinity:undefined:undefined:undefined:undefined":4,"s:32:2:32:Infinity":19,"s:32:28:32:Infinity":20,"s:34:27:34:Infinity":21,"s:35:2:37:Infinity":22,"s:35:15:35:18":23,"s:36:4:36:Infinity":24,"s:38:2:38:Infinity":25}}}
}
