{"D:\\CONG VIEC\\vaultic\\client\\packages\\storage\\src\\indexeddb-open.ts": {"path":"D:\\CONG VIEC\\vaultic\\client\\packages\\storage\\src\\indexeddb-open.ts","statementMap":{"0":{"start":{"line":3,"column":16},"end":{"line":3,"column":25}},"1":{"start":{"line":4,"column":19},"end":{"line":4,"column":20}},"2":{"start":{"line":6,"column":27},"end":{"line":6,"column":40}},"3":{"start":{"line":7,"column":29},"end":{"line":7,"column":38}},"4":{"start":{"line":8,"column":26},"end":{"line":8,"column":36}},"5":{"start":{"line":9,"column":27},"end":{"line":9,"column":39}},"6":{"start":{"line":12,"column":52},"end":{"line":12,"column":56}},"7":{"start":{"line":16,"column":2},"end":{"line":16,"column":null}},"8":{"start":{"line":16,"column":17},"end":{"line":16,"column":null}},"9":{"start":{"line":18,"column":2},"end":{"line":57,"column":null}},"10":{"start":{"line":19,"column":20},"end":{"line":19,"column":55}},"11":{"start":{"line":21,"column":4},"end":{"line":50,"column":null}},"12":{"start":{"line":22,"column":17},"end":{"line":22,"column":31}},"13":{"start":{"line":23,"column":26},"end":{"line":23,"column":68}},"14":{"start":{"line":25,"column":6},"end":{"line":32,"column":null}},"15":{"start":{"line":26,"column":22},"end":{"line":26,"column":74}},"16":{"start":{"line":27,"column":8},"end":{"line":27,"column":null}},"17":{"start":{"line":28,"column":8},"end":{"line":28,"column":null}},"18":{"start":{"line":29,"column":8},"end":{"line":29,"column":null}},"19":{"start":{"line":30,"column":8},"end":{"line":30,"column":null}},"20":{"start":{"line":31,"column":8},"end":{"line":31,"column":null}},"21":{"start":{"line":34,"column":6},"end":{"line":49,"column":null}},"22":{"start":{"line":36,"column":19},"end":{"line":36,"column":39}},"23":{"start":{"line":37,"column":26},"end":{"line":37,"column":53}},"24":{"start":{"line":38,"column":8},"end":{"line":40,"column":null}},"25":{"start":{"line":39,"column":10},"end":{"line":39,"column":null}},"26":{"start":{"line":41,"column":28},"end":{"line":41,"column":57}},"27":{"start":{"line":42,"column":8},"end":{"line":44,"column":null}},"28":{"start":{"line":43,"column":10},"end":{"line":43,"column":null}},"29":{"start":{"line":45,"column":27},"end":{"line":45,"column":54}},"30":{"start":{"line":46,"column":8},"end":{"line":48,"column":null}},"31":{"start":{"line":47,"column":10},"end":{"line":47,"column":null}},"32":{"start":{"line":52,"column":4},"end":{"line":52,"column":null}},"33":{"start":{"line":52,"column":30},"end":{"line":52,"column":53}},"34":{"start":{"line":53,"column":4},"end":{"line":56,"column":null}},"35":{"start":{"line":54,"column":6},"end":{"line":54,"column":null}},"36":{"start":{"line":55,"column":6},"end":{"line":55,"column":null}},"37":{"start":{"line":59,"column":2},"end":{"line":59,"column":null}},"38":{"start":{"line":64,"column":2},"end":{"line":64,"column":null}},"39":{"start":{"line":3,"column":16},"end":{"line":3,"column":null}},"40":{"start":{"line":4,"column":19},"end":{"line":4,"column":null}},"41":{"start":{"line":6,"column":27},"end":{"line":6,"column":null}},"42":{"start":{"line":7,"column":29},"end":{"line":7,"column":null}},"43":{"start":{"line":8,"column":26},"end":{"line":8,"column":null}},"44":{"start":{"line":9,"column":27},"end":{"line":9,"column":null}},"45":{"start":{"line":12,"column":52},"end":{"line":12,"column":null}},"46":{"start":{"line":19,"column":20},"end":{"line":19,"column":null}},"47":{"start":{"line":22,"column":17},"end":{"line":22,"column":null}},"48":{"start":{"line":23,"column":26},"end":{"line":23,"column":null}},"49":{"start":{"line":26,"column":22},"end":{"line":26,"column":null}},"50":{"start":{"line":36,"column":19},"end":{"line":36,"column":null}},"51":{"start":{"line":37,"column":26},"end":{"line":37,"column":null}},"52":{"start":{"line":41,"column":28},"end":{"line":41,"column":null}},"53":{"start":{"line":45,"column":27},"end":{"line":45,"column":null}},"54":{"start":{"line":52,"column":30},"end":{"line":52,"column":null}}},"fnMap":{"0":{"name":"openDB","decl":{"start":{"line":15,"column":16},"end":{"line":15,"column":22}},"loc":{"start":{"line":15,"column":22},"end":{"line":60,"column":null}},"line":15},"1":{"name":"(anonymous_1)","decl":{"start":{"line":18,"column":26},"end":{"line":18,"column":27}},"loc":{"start":{"line":18,"column":46},"end":{"line":57,"column":3}},"line":18},"2":{"name":"(anonymous_2)","decl":{"start":{"line":21,"column":30},"end":{"line":21,"column":31}},"loc":{"start":{"line":21,"column":40},"end":{"line":50,"column":5}},"line":21},"3":{"name":"(anonymous_3)","decl":{"start":{"line":52,"column":24},"end":{"line":52,"column":27}},"loc":{"start":{"line":52,"column":30},"end":{"line":52,"column":53}},"line":52},"4":{"name":"(anonymous_4)","decl":{"start":{"line":53,"column":22},"end":{"line":53,"column":25}},"loc":{"start":{"line":53,"column":27},"end":{"line":56,"column":5}},"line":53},"5":{"name":"resetDBCache","decl":{"start":{"line":63,"column":16},"end":{"line":63,"column":28}},"loc":{"start":{"line":63,"column":28},"end":{"line":65,"column":null}},"line":63},"6":{"name":"openDB","decl":{"start":{"line":15,"column":16},"end":{"line":15,"column":47}},"loc":{"start":{"line":15,"column":47},"end":{"line":60,"column":null}},"line":15},"7":{"name":"(anonymous_1)","decl":{"start":{"line":18,"column":26},"end":{"line":18,"column":27}},"loc":{"start":{"line":18,"column":47},"end":{"line":57,"column":3}},"line":18},"8":{"name":"(anonymous_2)","decl":{"start":{"line":21,"column":30},"end":{"line":21,"column":31}},"loc":{"start":{"line":21,"column":41},"end":{"line":50,"column":null}},"line":21},"9":{"name":"(anonymous_3)","decl":{"start":{"line":52,"column":24},"end":{"line":52,"column":30}},"loc":{"start":{"line":52,"column":30},"end":{"line":52,"column":null}},"line":52},"10":{"name":"(anonymous_4)","decl":{"start":{"line":53,"column":22},"end":{"line":53,"column":28}},"loc":{"start":{"line":53,"column":28},"end":{"line":56,"column":null}},"line":53},"11":{"name":"resetDBCache","decl":{"start":{"line":63,"column":16},"end":{"line":63,"column":37}},"loc":{"start":{"line":63,"column":37},"end":{"line":65,"column":null}},"line":63}},"branchMap":{"0":{"loc":{"start":{"line":16,"column":2},"end":{"line":16,"column":null}},"type":"if","locations":[{"start":{"line":16,"column":2},"end":{"line":16,"column":null}},{"start":{},"end":{}}],"line":16},"1":{"loc":{"start":{"line":25,"column":6},"end":{"line":32,"column":null}},"type":"if","locations":[{"start":{"line":25,"column":6},"end":{"line":32,"column":null}},{"start":{},"end":{}}],"line":25},"2":{"loc":{"start":{"line":34,"column":6},"end":{"line":49,"column":null}},"type":"if","locations":[{"start":{"line":34,"column":6},"end":{"line":49,"column":null}},{"start":{},"end":{}}],"line":34},"3":{"loc":{"start":{"line":38,"column":8},"end":{"line":40,"column":null}},"type":"if","locations":[{"start":{"line":38,"column":8},"end":{"line":40,"column":null}},{"start":{},"end":{}}],"line":38},"4":{"loc":{"start":{"line":42,"column":8},"end":{"line":44,"column":null}},"type":"if","locations":[{"start":{"line":42,"column":8},"end":{"line":44,"column":null}},{"start":{},"end":{}}],"line":42},"5":{"loc":{"start":{"line":46,"column":8},"end":{"line":48,"column":null}},"type":"if","locations":[{"start":{"line":46,"column":8},"end":{"line":48,"column":null}},{"start":{},"end":{}}],"line":46}},"s":{"0":2,"1":2,"2":2,"3":2,"4":2,"5":2,"6":2,"7":64,"8":46,"9":18,"10":18,"11":18,"12":18,"13":18,"14":18,"15":18,"16":18,"17":18,"18":18,"19":18,"20":18,"21":18,"22":18,"23":18,"24":18,"25":18,"26":18,"27":18,"28":18,"29":18,"30":18,"31":18,"32":18,"33":18,"34":18,"35":0,"36":0,"37":18,"38":18,"39":1,"40":1,"41":1,"42":1,"43":1,"44":1,"45":1,"46":18,"47":18,"48":18,"49":18,"50":18,"51":18,"52":18,"53":18,"54":18},"f":{"0":32,"1":41,"2":18,"3":18,"4":9,"5":9,"6":64,"7":18,"8":18,"9":18,"10":9,"11":18},"b":{"0":[46,18],"1":[18,0],"2":[18,0],"3":[18,0],"4":[18,0],"5":[18,0]},"meta":{"lastBranch":6,"lastFunction":6,"lastStatement":39,"seen":{"s:3:16:3:25":0,"s:4:19:4:20":1,"s:6:27:6:40":2,"s:7:29:7:38":3,"s:8:26:8:36":4,"s:9:27:9:39":5,"s:12:52:12:56":6,"f:15:16:15:22":0,"b:16:2:16:Infinity:undefined:undefined:undefined:undefined":0,"s:16:2:16:Infinity":7,"s:16:17:16:Infinity":8,"s:18:2:57:Infinity":9,"f:18:26:18:27":1,"s:19:20:19:55":10,"s:21:4:50:Infinity":11,"f:21:30:21:31":2,"s:22:17:22:31":12,"s:23:26:23:68":13,"b:25:6:32:Infinity:undefined:undefined:undefined:undefined":1,"s:25:6:32:Infinity":14,"s:26:22:26:74":15,"s:27:8:27:Infinity":16,"s:28:8:28:Infinity":17,"s:29:8:29:Infinity":18,"s:30:8:30:Infinity":19,"s:31:8:31:Infinity":20,"b:34:6:49:Infinity:undefined:undefined:undefined:undefined":2,"s:34:6:49:Infinity":21,"s:36:19:36:39":22,"s:37:26:37:53":23,"b:38:8:40:Infinity:undefined:undefined:undefined:undefined":3,"s:38:8:40:Infinity":24,"s:39:10:39:Infinity":25,"s:41:28:41:57":26,"b:42:8:44:Infinity:undefined:undefined:undefined:undefined":4,"s:42:8:44:Infinity":27,"s:43:10:43:Infinity":28,"s:45:27:45:54":29,"b:46:8:48:Infinity:undefined:undefined:undefined:undefined":5,"s:46:8:48:Infinity":30,"s:47:10:47:Infinity":31,"s:52:4:52:Infinity":32,"f:52:24:52:27":3,"s:52:30:52:53":33,"s:53:4:56:Infinity":34,"f:53:22:53:25":4,"s:54:6:54:Infinity":35,"s:55:6:55:Infinity":36,"s:59:2:59:Infinity":37,"f:63:16:63:28":5,"s:64:2:64:Infinity":38}}}
,"D:\\CONG VIEC\\vaultic\\client\\packages\\storage\\src\\indexeddb-store.ts": {"path":"D:\\CONG VIEC\\vaultic\\client\\packages\\storage\\src\\indexeddb-store.ts","statementMap":{"0":{"start":{"line":14,"column":13},"end":{"line":14,"column":27}},"1":{"start":{"line":15,"column":2},"end":{"line":22,"column":null}},"2":{"start":{"line":16,"column":15},"end":{"line":16,"column":46}},"3":{"start":{"line":17,"column":18},"end":{"line":17,"column":43}},"4":{"start":{"line":18,"column":20},"end":{"line":18,"column":29}},"5":{"start":{"line":19,"column":4},"end":{"line":19,"column":null}},"6":{"start":{"line":19,"column":30},"end":{"line":19,"column":53}},"7":{"start":{"line":20,"column":4},"end":{"line":20,"column":null}},"8":{"start":{"line":20,"column":28},"end":{"line":20,"column":49}},"9":{"start":{"line":21,"column":4},"end":{"line":21,"column":null}},"10":{"start":{"line":27,"column":13},"end":{"line":27,"column":27}},"11":{"start":{"line":28,"column":2},"end":{"line":34,"column":null}},"12":{"start":{"line":29,"column":15},"end":{"line":29,"column":52}},"13":{"start":{"line":30,"column":18},"end":{"line":30,"column":60}},"14":{"start":{"line":31,"column":20},"end":{"line":31,"column":40}},"15":{"start":{"line":32,"column":4},"end":{"line":32,"column":null}},"16":{"start":{"line":32,"column":30},"end":{"line":32,"column":60}},"17":{"start":{"line":33,"column":4},"end":{"line":33,"column":null}},"18":{"start":{"line":33,"column":28},"end":{"line":33,"column":49}},"19":{"start":{"line":39,"column":2},"end":{"line":39,"column":null}},"20":{"start":{"line":39,"column":49},"end":{"line":39,"column":59}},"21":{"start":{"line":45,"column":17},"end":{"line":46,"column":null}},"22":{"start":{"line":46,"column":38},"end":{"line":46,"column":47}},"23":{"start":{"line":48,"column":4},"end":{"line":48,"column":null}},"24":{"start":{"line":48,"column":15},"end":{"line":48,"column":null}},"25":{"start":{"line":50,"column":4},"end":{"line":50,"column":null}},"26":{"start":{"line":54,"column":4},"end":{"line":56,"column":null}},"27":{"start":{"line":55,"column":6},"end":{"line":55,"column":null}},"28":{"start":{"line":57,"column":21},"end":{"line":58,"column":null}},"29":{"start":{"line":58,"column":38},"end":{"line":58,"column":52}},"30":{"start":{"line":60,"column":4},"end":{"line":62,"column":null}},"31":{"start":{"line":61,"column":6},"end":{"line":61,"column":null}},"32":{"start":{"line":63,"column":4},"end":{"line":63,"column":null}},"33":{"start":{"line":63,"column":53},"end":{"line":63,"column":64}},"34":{"start":{"line":67,"column":17},"end":{"line":67,"column":47}},"35":{"start":{"line":68,"column":4},"end":{"line":70,"column":null}},"36":{"start":{"line":69,"column":6},"end":{"line":69,"column":null}},"37":{"start":{"line":69,"column":55},"end":{"line":69,"column":67}},"38":{"start":{"line":74,"column":18},"end":{"line":74,"column":70}},"39":{"start":{"line":75,"column":4},"end":{"line":75,"column":null}},"40":{"start":{"line":75,"column":31},"end":{"line":75,"column":44}},"41":{"start":{"line":79,"column":4},"end":{"line":79,"column":null}},"42":{"start":{"line":83,"column":18},"end":{"line":83,"column":70}},"43":{"start":{"line":84,"column":4},"end":{"line":84,"column":null}},"44":{"start":{"line":84,"column":31},"end":{"line":84,"column":75}},"45":{"start":{"line":88,"column":19},"end":{"line":89,"column":null}},"46":{"start":{"line":89,"column":40},"end":{"line":89,"column":49}},"47":{"start":{"line":91,"column":4},"end":{"line":91,"column":null}},"48":{"start":{"line":91,"column":17},"end":{"line":91,"column":null}},"49":{"start":{"line":92,"column":4},"end":{"line":92,"column":null}},"50":{"start":{"line":96,"column":4},"end":{"line":98,"column":null}},"51":{"start":{"line":97,"column":6},"end":{"line":97,"column":null}},"52":{"start":{"line":99,"column":21},"end":{"line":100,"column":null}},"53":{"start":{"line":100,"column":40},"end":{"line":100,"column":56}},"54":{"start":{"line":102,"column":4},"end":{"line":104,"column":null}},"55":{"start":{"line":103,"column":6},"end":{"line":103,"column":null}},"56":{"start":{"line":105,"column":4},"end":{"line":105,"column":null}},"57":{"start":{"line":105,"column":55},"end":{"line":105,"column":68}},"58":{"start":{"line":109,"column":19},"end":{"line":109,"column":51}},"59":{"start":{"line":110,"column":4},"end":{"line":112,"column":null}},"60":{"start":{"line":111,"column":6},"end":{"line":111,"column":null}},"61":{"start":{"line":111,"column":57},"end":{"line":111,"column":69}},"62":{"start":{"line":116,"column":4},"end":{"line":116,"column":null}},"63":{"start":{"line":120,"column":4},"end":{"line":120,"column":null}},"64":{"start":{"line":124,"column":4},"end":{"line":138,"column":null}},"65":{"start":{"line":126,"column":20},"end":{"line":126,"column":72}},"66":{"start":{"line":127,"column":22},"end":{"line":127,"column":73}},"67":{"start":{"line":128,"column":17},"end":{"line":128,"column":31}},"68":{"start":{"line":129,"column":17},"end":{"line":129,"column":74}},"69":{"start":{"line":130,"column":24},"end":{"line":130,"column":51}},"70":{"start":{"line":131,"column":26},"end":{"line":131,"column":55}},"71":{"start":{"line":132,"column":6},"end":{"line":132,"column":null}},"72":{"start":{"line":132,"column":32},"end":{"line":132,"column":null}},"73":{"start":{"line":133,"column":6},"end":{"line":133,"column":null}},"74":{"start":{"line":133,"column":36},"end":{"line":133,"column":null}},"75":{"start":{"line":134,"column":6},"end":{"line":137,"column":null}},"76":{"start":{"line":135,"column":8},"end":{"line":135,"column":null}},"77":{"start":{"line":135,"column":30},"end":{"line":135,"column":39}},"78":{"start":{"line":136,"column":8},"end":{"line":136,"column":null}},"79":{"start":{"line":136,"column":27},"end":{"line":136,"column":43}},"80":{"start":{"line":140,"column":15},"end":{"line":140,"column":29}},"81":{"start":{"line":141,"column":15},"end":{"line":141,"column":84}},"82":{"start":{"line":142,"column":4},"end":{"line":142,"column":null}},"83":{"start":{"line":143,"column":4},"end":{"line":143,"column":null}},"84":{"start":{"line":144,"column":4},"end":{"line":144,"column":null}},"85":{"start":{"line":145,"column":4},"end":{"line":148,"column":null}},"86":{"start":{"line":146,"column":6},"end":{"line":146,"column":null}},"87":{"start":{"line":146,"column":30},"end":{"line":146,"column":41}},"88":{"start":{"line":146,"column":41},"end":{"line":146,"column":57}},"89":{"start":{"line":146,"column":58},"end":{"line":146,"column":68}},"90":{"start":{"line":147,"column":6},"end":{"line":147,"column":null}},"91":{"start":{"line":147,"column":25},"end":{"line":147,"column":41}},"92":{"start":{"line":153,"column":19},"end":{"line":154,"column":null}},"93":{"start":{"line":154,"column":37},"end":{"line":154,"column":47}},"94":{"start":{"line":156,"column":4},"end":{"line":156,"column":null}},"95":{"start":{"line":160,"column":4},"end":{"line":160,"column":null}},"96":{"start":{"line":160,"column":52},"end":{"line":160,"column":73}},"97":{"start":{"line":14,"column":13},"end":{"line":14,"column":null}},"98":{"start":{"line":16,"column":15},"end":{"line":16,"column":null}},"99":{"start":{"line":17,"column":18},"end":{"line":17,"column":null}},"100":{"start":{"line":18,"column":20},"end":{"line":18,"column":null}},"101":{"start":{"line":19,"column":30},"end":{"line":19,"column":null}},"102":{"start":{"line":20,"column":28},"end":{"line":20,"column":null}},"103":{"start":{"line":27,"column":13},"end":{"line":27,"column":null}},"104":{"start":{"line":29,"column":15},"end":{"line":29,"column":null}},"105":{"start":{"line":30,"column":18},"end":{"line":30,"column":null}},"106":{"start":{"line":31,"column":20},"end":{"line":31,"column":null}},"107":{"start":{"line":32,"column":30},"end":{"line":32,"column":null}},"108":{"start":{"line":33,"column":28},"end":{"line":33,"column":null}},"109":{"start":{"line":45,"column":17},"end":{"line":47,"column":null}},"110":{"start":{"line":46,"column":38},"end":{"line":46,"column":null}},"111":{"start":{"line":57,"column":21},"end":{"line":59,"column":null}},"112":{"start":{"line":58,"column":38},"end":{"line":58,"column":null}},"113":{"start":{"line":67,"column":17},"end":{"line":67,"column":null}},"114":{"start":{"line":74,"column":18},"end":{"line":74,"column":null}},"115":{"start":{"line":83,"column":18},"end":{"line":83,"column":null}},"116":{"start":{"line":88,"column":19},"end":{"line":90,"column":null}},"117":{"start":{"line":89,"column":40},"end":{"line":89,"column":null}},"118":{"start":{"line":99,"column":21},"end":{"line":101,"column":null}},"119":{"start":{"line":100,"column":40},"end":{"line":100,"column":null}},"120":{"start":{"line":109,"column":19},"end":{"line":109,"column":null}},"121":{"start":{"line":126,"column":20},"end":{"line":126,"column":null}},"122":{"start":{"line":127,"column":22},"end":{"line":127,"column":null}},"123":{"start":{"line":128,"column":17},"end":{"line":128,"column":null}},"124":{"start":{"line":129,"column":17},"end":{"line":129,"column":null}},"125":{"start":{"line":130,"column":24},"end":{"line":130,"column":null}},"126":{"start":{"line":131,"column":26},"end":{"line":131,"column":null}},"127":{"start":{"line":135,"column":30},"end":{"line":135,"column":null}},"128":{"start":{"line":136,"column":27},"end":{"line":136,"column":null}},"129":{"start":{"line":140,"column":15},"end":{"line":140,"column":null}},"130":{"start":{"line":141,"column":15},"end":{"line":141,"column":null}},"131":{"start":{"line":146,"column":30},"end":{"line":146,"column":42}},"132":{"start":{"line":146,"column":42},"end":{"line":146,"column":58}},"133":{"start":{"line":146,"column":58},"end":{"line":146,"column":69}},"134":{"start":{"line":147,"column":25},"end":{"line":147,"column":null}},"135":{"start":{"line":153,"column":19},"end":{"line":155,"column":null}},"136":{"start":{"line":154,"column":37},"end":{"line":154,"column":null}}},"fnMap":{"0":{"name":"withStore","decl":{"start":{"line":9,"column":15},"end":{"line":9,"column":24}},"loc":{"start":{"line":12,"column":46},"end":{"line":23,"column":null}},"line":12},"1":{"name":"(anonymous_1)","decl":{"start":{"line":15,"column":21},"end":{"line":15,"column":22}},"loc":{"start":{"line":15,"column":41},"end":{"line":22,"column":3}},"line":15},"2":{"name":"(anonymous_2)","decl":{"start":{"line":19,"column":24},"end":{"line":19,"column":27}},"loc":{"start":{"line":19,"column":30},"end":{"line":19,"column":53}},"line":19},"3":{"name":"(anonymous_3)","decl":{"start":{"line":20,"column":22},"end":{"line":20,"column":25}},"loc":{"start":{"line":20,"column":28},"end":{"line":20,"column":49}},"line":20},"4":{"name":"(anonymous_4)","decl":{"start":{"line":21,"column":20},"end":{"line":21,"column":23}},"loc":{"start":{"line":21,"column":25},"end":{"line":21,"column":28}},"line":21},"5":{"name":"getAllByUserId","decl":{"start":{"line":26,"column":15},"end":{"line":26,"column":29}},"loc":{"start":{"line":26,"column":66},"end":{"line":35,"column":null}},"line":26},"6":{"name":"(anonymous_6)","decl":{"start":{"line":28,"column":21},"end":{"line":28,"column":22}},"loc":{"start":{"line":28,"column":41},"end":{"line":34,"column":3}},"line":28},"7":{"name":"(anonymous_7)","decl":{"start":{"line":32,"column":24},"end":{"line":32,"column":27}},"loc":{"start":{"line":32,"column":30},"end":{"line":32,"column":60}},"line":32},"8":{"name":"(anonymous_8)","decl":{"start":{"line":33,"column":22},"end":{"line":33,"column":25}},"loc":{"start":{"line":33,"column":28},"end":{"line":33,"column":49}},"line":33},"9":{"name":"getAll","decl":{"start":{"line":38,"column":15},"end":{"line":38,"column":21}},"loc":{"start":{"line":38,"column":42},"end":{"line":40,"column":null}},"line":38},"10":{"name":"(anonymous_10)","decl":{"start":{"line":39,"column":42},"end":{"line":39,"column":43}},"loc":{"start":{"line":39,"column":49},"end":{"line":39,"column":59}},"line":39},"11":{"name":"(anonymous_11)","decl":{"start":{"line":44,"column":8},"end":{"line":44,"column":15}},"loc":{"start":{"line":44,"column":42},"end":{"line":51,"column":null}},"line":44},"12":{"name":"(anonymous_12)","decl":{"start":{"line":46,"column":31},"end":{"line":46,"column":32}},"loc":{"start":{"line":46,"column":38},"end":{"line":46,"column":47}},"line":46},"13":{"name":"(anonymous_13)","decl":{"start":{"line":53,"column":8},"end":{"line":53,"column":15}},"loc":{"start":{"line":53,"column":31},"end":{"line":64,"column":null}},"line":53},"14":{"name":"(anonymous_14)","decl":{"start":{"line":58,"column":31},"end":{"line":58,"column":32}},"loc":{"start":{"line":58,"column":38},"end":{"line":58,"column":52}},"line":58},"15":{"name":"(anonymous_15)","decl":{"start":{"line":63,"column":46},"end":{"line":63,"column":47}},"loc":{"start":{"line":63,"column":53},"end":{"line":63,"column":64}},"line":63},"16":{"name":"(anonymous_16)","decl":{"start":{"line":66,"column":8},"end":{"line":66,"column":18}},"loc":{"start":{"line":66,"column":45},"end":{"line":71,"column":null}},"line":66},"17":{"name":"(anonymous_17)","decl":{"start":{"line":69,"column":48},"end":{"line":69,"column":49}},"loc":{"start":{"line":69,"column":55},"end":{"line":69,"column":67}},"line":69},"18":{"name":"(anonymous_18)","decl":{"start":{"line":73,"column":8},"end":{"line":73,"column":19}},"loc":{"start":{"line":73,"column":34},"end":{"line":76,"column":null}},"line":73},"19":{"name":"(anonymous_19)","decl":{"start":{"line":75,"column":24},"end":{"line":75,"column":25}},"loc":{"start":{"line":75,"column":31},"end":{"line":75,"column":44}},"line":75},"20":{"name":"(anonymous_20)","decl":{"start":{"line":78,"column":8},"end":{"line":78,"column":29}},"loc":{"start":{"line":78,"column":29},"end":{"line":80,"column":null}},"line":78},"21":{"name":"(anonymous_21)","decl":{"start":{"line":82,"column":8},"end":{"line":82,"column":23}},"loc":{"start":{"line":82,"column":57},"end":{"line":85,"column":null}},"line":82},"22":{"name":"(anonymous_22)","decl":{"start":{"line":84,"column":24},"end":{"line":84,"column":25}},"loc":{"start":{"line":84,"column":31},"end":{"line":84,"column":75}},"line":84},"23":{"name":"(anonymous_23)","decl":{"start":{"line":87,"column":8},"end":{"line":87,"column":17}},"loc":{"start":{"line":87,"column":44},"end":{"line":93,"column":null}},"line":87},"24":{"name":"(anonymous_24)","decl":{"start":{"line":89,"column":33},"end":{"line":89,"column":34}},"loc":{"start":{"line":89,"column":40},"end":{"line":89,"column":49}},"line":89},"25":{"name":"(anonymous_25)","decl":{"start":{"line":95,"column":8},"end":{"line":95,"column":17}},"loc":{"start":{"line":95,"column":32},"end":{"line":106,"column":null}},"line":95},"26":{"name":"(anonymous_26)","decl":{"start":{"line":100,"column":33},"end":{"line":100,"column":34}},"loc":{"start":{"line":100,"column":40},"end":{"line":100,"column":56}},"line":100},"27":{"name":"(anonymous_27)","decl":{"start":{"line":105,"column":48},"end":{"line":105,"column":49}},"loc":{"start":{"line":105,"column":55},"end":{"line":105,"column":68}},"line":105},"28":{"name":"(anonymous_28)","decl":{"start":{"line":108,"column":8},"end":{"line":108,"column":20}},"loc":{"start":{"line":108,"column":47},"end":{"line":113,"column":null}},"line":108},"29":{"name":"(anonymous_29)","decl":{"start":{"line":111,"column":50},"end":{"line":111,"column":51}},"loc":{"start":{"line":111,"column":57},"end":{"line":111,"column":69}},"line":111},"30":{"name":"(anonymous_30)","decl":{"start":{"line":115,"column":8},"end":{"line":115,"column":21}},"loc":{"start":{"line":115,"column":36},"end":{"line":117,"column":null}},"line":115},"31":{"name":"(anonymous_31)","decl":{"start":{"line":119,"column":8},"end":{"line":119,"column":31}},"loc":{"start":{"line":119,"column":31},"end":{"line":121,"column":null}},"line":119},"32":{"name":"(anonymous_32)","decl":{"start":{"line":123,"column":8},"end":{"line":123,"column":13}},"loc":{"start":{"line":123,"column":29},"end":{"line":149,"column":null}},"line":123},"33":{"name":"(anonymous_33)","decl":{"start":{"line":134,"column":25},"end":{"line":134,"column":26}},"loc":{"start":{"line":134,"column":45},"end":{"line":137,"column":7}},"line":134},"34":{"name":"(anonymous_34)","decl":{"start":{"line":135,"column":24},"end":{"line":135,"column":27}},"loc":{"start":{"line":135,"column":30},"end":{"line":135,"column":39}},"line":135},"35":{"name":"(anonymous_35)","decl":{"start":{"line":136,"column":21},"end":{"line":136,"column":24}},"loc":{"start":{"line":136,"column":27},"end":{"line":136,"column":43}},"line":136},"36":{"name":"(anonymous_36)","decl":{"start":{"line":145,"column":23},"end":{"line":145,"column":24}},"loc":{"start":{"line":145,"column":43},"end":{"line":148,"column":5}},"line":145},"37":{"name":"(anonymous_37)","decl":{"start":{"line":146,"column":22},"end":{"line":146,"column":25}},"loc":{"start":{"line":146,"column":27},"end":{"line":146,"column":70}},"line":146},"38":{"name":"(anonymous_38)","decl":{"start":{"line":147,"column":19},"end":{"line":147,"column":22}},"loc":{"start":{"line":147,"column":25},"end":{"line":147,"column":41}},"line":147},"39":{"name":"(anonymous_39)","decl":{"start":{"line":152,"column":8},"end":{"line":152,"column":19}},"loc":{"start":{"line":152,"column":31},"end":{"line":157,"column":null}},"line":152},"40":{"name":"(anonymous_40)","decl":{"start":{"line":154,"column":30},"end":{"line":154,"column":31}},"loc":{"start":{"line":154,"column":37},"end":{"line":154,"column":47}},"line":154},"41":{"name":"(anonymous_41)","decl":{"start":{"line":159,"column":8},"end":{"line":159,"column":19}},"loc":{"start":{"line":159,"column":46},"end":{"line":161,"column":null}},"line":159},"42":{"name":"(anonymous_42)","decl":{"start":{"line":160,"column":45},"end":{"line":160,"column":46}},"loc":{"start":{"line":160,"column":52},"end":{"line":160,"column":73}},"line":160},"43":{"name":"withStore","decl":{"start":{"line":9,"column":15},"end":{"line":9,"column":null}},"loc":{"start":{"line":13,"column":14},"end":{"line":23,"column":null}},"line":13},"44":{"name":"(anonymous_1)","decl":{"start":{"line":15,"column":21},"end":{"line":15,"column":22}},"loc":{"start":{"line":15,"column":42},"end":{"line":22,"column":3}},"line":15},"45":{"name":"(anonymous_2)","decl":{"start":{"line":19,"column":24},"end":{"line":19,"column":30}},"loc":{"start":{"line":19,"column":30},"end":{"line":19,"column":null}},"line":19},"46":{"name":"(anonymous_3)","decl":{"start":{"line":20,"column":22},"end":{"line":20,"column":28}},"loc":{"start":{"line":20,"column":28},"end":{"line":20,"column":null}},"line":20},"47":{"name":"(anonymous_4)","decl":{"start":{"line":21,"column":20},"end":{"line":21,"column":26}},"loc":{"start":{"line":21,"column":26},"end":{"line":21,"column":null}},"line":21},"48":{"name":"getAllByUserId","decl":{"start":{"line":26,"column":15},"end":{"line":26,"column":33}},"loc":{"start":{"line":26,"column":82},"end":{"line":35,"column":null}},"line":26},"49":{"name":"(anonymous_6)","decl":{"start":{"line":28,"column":21},"end":{"line":28,"column":22}},"loc":{"start":{"line":28,"column":42},"end":{"line":34,"column":3}},"line":28},"50":{"name":"(anonymous_7)","decl":{"start":{"line":32,"column":24},"end":{"line":32,"column":30}},"loc":{"start":{"line":32,"column":30},"end":{"line":32,"column":null}},"line":32},"51":{"name":"(anonymous_8)","decl":{"start":{"line":33,"column":22},"end":{"line":33,"column":28}},"loc":{"start":{"line":33,"column":28},"end":{"line":33,"column":null}},"line":33},"52":{"name":"getAll","decl":{"start":{"line":38,"column":15},"end":{"line":38,"column":25}},"loc":{"start":{"line":38,"column":58},"end":{"line":40,"column":null}},"line":38},"53":{"name":"(anonymous_11)","decl":{"start":{"line":44,"column":8},"end":{"line":44,"column":16}},"loc":{"start":{"line":44,"column":71},"end":{"line":51,"column":null}},"line":44},"54":{"name":"(anonymous_12)","decl":{"start":{"line":46,"column":31},"end":{"line":46,"column":32}},"loc":{"start":{"line":46,"column":38},"end":{"line":46,"column":null}},"line":46},"55":{"name":"(anonymous_13)","decl":{"start":{"line":53,"column":8},"end":{"line":53,"column":16}},"loc":{"start":{"line":53,"column":48},"end":{"line":64,"column":null}},"line":53},"56":{"name":"(anonymous_14)","decl":{"start":{"line":58,"column":31},"end":{"line":58,"column":32}},"loc":{"start":{"line":58,"column":38},"end":{"line":58,"column":null}},"line":58},"57":{"name":"(anonymous_16)","decl":{"start":{"line":66,"column":8},"end":{"line":66,"column":19}},"loc":{"start":{"line":66,"column":62},"end":{"line":71,"column":null}},"line":66},"58":{"name":"(anonymous_18)","decl":{"start":{"line":73,"column":8},"end":{"line":73,"column":20}},"loc":{"start":{"line":73,"column":58},"end":{"line":76,"column":null}},"line":73},"59":{"name":"(anonymous_20)","decl":{"start":{"line":78,"column":8},"end":{"line":78,"column":54}},"loc":{"start":{"line":78,"column":54},"end":{"line":80,"column":null}},"line":78},"60":{"name":"(anonymous_21)","decl":{"start":{"line":82,"column":8},"end":{"line":82,"column":24}},"loc":{"start":{"line":82,"column":81},"end":{"line":85,"column":null}},"line":82},"61":{"name":"(anonymous_23)","decl":{"start":{"line":87,"column":8},"end":{"line":87,"column":18}},"loc":{"start":{"line":87,"column":70},"end":{"line":93,"column":null}},"line":87},"62":{"name":"(anonymous_24)","decl":{"start":{"line":89,"column":33},"end":{"line":89,"column":34}},"loc":{"start":{"line":89,"column":40},"end":{"line":89,"column":null}},"line":89},"63":{"name":"(anonymous_25)","decl":{"start":{"line":95,"column":8},"end":{"line":95,"column":18}},"loc":{"start":{"line":95,"column":49},"end":{"line":106,"column":null}},"line":95},"64":{"name":"(anonymous_26)","decl":{"start":{"line":100,"column":33},"end":{"line":100,"column":34}},"loc":{"start":{"line":100,"column":40},"end":{"line":100,"column":null}},"line":100},"65":{"name":"(anonymous_28)","decl":{"start":{"line":108,"column":8},"end":{"line":108,"column":21}},"loc":{"start":{"line":108,"column":64},"end":{"line":113,"column":null}},"line":108},"66":{"name":"(anonymous_30)","decl":{"start":{"line":115,"column":8},"end":{"line":115,"column":22}},"loc":{"start":{"line":115,"column":57},"end":{"line":117,"column":null}},"line":115},"67":{"name":"(anonymous_31)","decl":{"start":{"line":119,"column":8},"end":{"line":119,"column":53}},"loc":{"start":{"line":119,"column":53},"end":{"line":121,"column":null}},"line":119},"68":{"name":"(anonymous_32)","decl":{"start":{"line":123,"column":8},"end":{"line":123,"column":14}},"loc":{"start":{"line":123,"column":46},"end":{"line":149,"column":null}},"line":123},"69":{"name":"(anonymous_33)","decl":{"start":{"line":134,"column":25},"end":{"line":134,"column":26}},"loc":{"start":{"line":134,"column":46},"end":{"line":137,"column":7}},"line":134},"70":{"name":"(anonymous_34)","decl":{"start":{"line":135,"column":24},"end":{"line":135,"column":30}},"loc":{"start":{"line":135,"column":30},"end":{"line":135,"column":null}},"line":135},"71":{"name":"(anonymous_35)","decl":{"start":{"line":136,"column":21},"end":{"line":136,"column":27}},"loc":{"start":{"line":136,"column":27},"end":{"line":136,"column":null}},"line":136},"72":{"name":"(anonymous_36)","decl":{"start":{"line":145,"column":23},"end":{"line":145,"column":24}},"loc":{"start":{"line":145,"column":44},"end":{"line":148,"column":5}},"line":145},"73":{"name":"(anonymous_37)","decl":{"start":{"line":146,"column":22},"end":{"line":146,"column":28}},"loc":{"start":{"line":146,"column":28},"end":{"line":146,"column":null}},"line":146},"74":{"name":"(anonymous_38)","decl":{"start":{"line":147,"column":19},"end":{"line":147,"column":25}},"loc":{"start":{"line":147,"column":25},"end":{"line":147,"column":null}},"line":147},"75":{"name":"(anonymous_39)","decl":{"start":{"line":152,"column":8},"end":{"line":152,"column":20}},"loc":{"start":{"line":152,"column":57},"end":{"line":157,"column":null}},"line":152},"76":{"name":"(anonymous_40)","decl":{"start":{"line":154,"column":30},"end":{"line":154,"column":31}},"loc":{"start":{"line":154,"column":37},"end":{"line":154,"column":null}},"line":154},"77":{"name":"(anonymous_41)","decl":{"start":{"line":159,"column":8},"end":{"line":159,"column":20}},"loc":{"start":{"line":159,"column":63},"end":{"line":161,"column":null}},"line":159}},"branchMap":{"0":{"loc":{"start":{"line":48,"column":4},"end":{"line":48,"column":null}},"type":"if","locations":[{"start":{"line":48,"column":4},"end":{"line":48,"column":null}},{"start":{},"end":{}}],"line":48},"1":{"loc":{"start":{"line":50,"column":11},"end":{"line":50,"column":67}},"type":"cond-expr","locations":[{"start":{"line":50,"column":56},"end":{"line":50,"column":60}},{"start":{"line":50,"column":63},"end":{"line":50,"column":67}}],"line":50},"2":{"loc":{"start":{"line":50,"column":12},"end":{"line":50,"column":52}},"type":"binary-expr","locations":[{"start":{"line":50,"column":12},"end":{"line":50,"column":25}},{"start":{"line":50,"column":29},"end":{"line":50,"column":52}}],"line":50},"3":{"loc":{"start":{"line":54,"column":4},"end":{"line":56,"column":null}},"type":"if","locations":[{"start":{"line":54,"column":4},"end":{"line":56,"column":null}},{"start":{},"end":{}}],"line":54},"4":{"loc":{"start":{"line":60,"column":4},"end":{"line":62,"column":null}},"type":"if","locations":[{"start":{"line":60,"column":4},"end":{"line":62,"column":null}},{"start":{},"end":{}}],"line":60},"5":{"loc":{"start":{"line":60,"column":8},"end":{"line":60,"column":73}},"type":"binary-expr","locations":[{"start":{"line":60,"column":8},"end":{"line":60,"column":16}},{"start":{"line":60,"column":20},"end":{"line":60,"column":36}},{"start":{"line":60,"column":40},"end":{"line":60,"column":73}}],"line":60},"6":{"loc":{"start":{"line":68,"column":4},"end":{"line":70,"column":null}},"type":"if","locations":[{"start":{"line":68,"column":4},"end":{"line":70,"column":null}},{"start":{},"end":{}}],"line":68},"7":{"loc":{"start":{"line":91,"column":4},"end":{"line":91,"column":null}},"type":"if","locations":[{"start":{"line":91,"column":4},"end":{"line":91,"column":null}},{"start":{},"end":{}}],"line":91},"8":{"loc":{"start":{"line":92,"column":11},"end":{"line":92,"column":73}},"type":"cond-expr","locations":[{"start":{"line":92,"column":60},"end":{"line":92,"column":66}},{"start":{"line":92,"column":69},"end":{"line":92,"column":73}}],"line":92},"9":{"loc":{"start":{"line":92,"column":12},"end":{"line":92,"column":56}},"type":"binary-expr","locations":[{"start":{"line":92,"column":12},"end":{"line":92,"column":27}},{"start":{"line":92,"column":31},"end":{"line":92,"column":56}}],"line":92},"10":{"loc":{"start":{"line":96,"column":4},"end":{"line":98,"column":null}},"type":"if","locations":[{"start":{"line":96,"column":4},"end":{"line":98,"column":null}},{"start":{},"end":{}}],"line":96},"11":{"loc":{"start":{"line":102,"column":4},"end":{"line":104,"column":null}},"type":"if","locations":[{"start":{"line":102,"column":4},"end":{"line":104,"column":null}},{"start":{},"end":{}}],"line":102},"12":{"loc":{"start":{"line":102,"column":8},"end":{"line":102,"column":75}},"type":"binary-expr","locations":[{"start":{"line":102,"column":8},"end":{"line":102,"column":16}},{"start":{"line":102,"column":20},"end":{"line":102,"column":36}},{"start":{"line":102,"column":40},"end":{"line":102,"column":75}}],"line":102},"13":{"loc":{"start":{"line":110,"column":4},"end":{"line":112,"column":null}},"type":"if","locations":[{"start":{"line":110,"column":4},"end":{"line":112,"column":null}},{"start":{},"end":{}}],"line":110},"14":{"loc":{"start":{"line":124,"column":4},"end":{"line":138,"column":null}},"type":"if","locations":[{"start":{"line":124,"column":4},"end":{"line":138,"column":null}},{"start":{},"end":{}}],"line":124},"15":{"loc":{"start":{"line":156,"column":11},"end":{"line":156,"column":32}},"type":"binary-expr","locations":[{"start":{"line":156,"column":11},"end":{"line":156,"column":24}},{"start":{"line":156,"column":28},"end":{"line":156,"column":32}}],"line":156},"16":{"loc":{"start":{"line":50,"column":12},"end":{"line":50,"column":null}},"type":"cond-expr","locations":[{"start":{"line":50,"column":56},"end":{"line":50,"column":63}},{"start":{"line":50,"column":63},"end":{"line":50,"column":null}}],"line":50},"17":{"loc":{"start":{"line":50,"column":12},"end":{"line":50,"column":56}},"type":"binary-expr","locations":[{"start":{"line":50,"column":12},"end":{"line":50,"column":29}},{"start":{"line":50,"column":29},"end":{"line":50,"column":56}}],"line":50},"18":{"loc":{"start":{"line":60,"column":8},"end":{"line":60,"column":75}},"type":"binary-expr","locations":[{"start":{"line":60,"column":8},"end":{"line":60,"column":20}},{"start":{"line":60,"column":20},"end":{"line":60,"column":40}},{"start":{"line":60,"column":40},"end":{"line":60,"column":75}}],"line":60},"19":{"loc":{"start":{"line":92,"column":12},"end":{"line":92,"column":null}},"type":"cond-expr","locations":[{"start":{"line":92,"column":60},"end":{"line":92,"column":69}},{"start":{"line":92,"column":69},"end":{"line":92,"column":null}}],"line":92},"20":{"loc":{"start":{"line":92,"column":12},"end":{"line":92,"column":60}},"type":"binary-expr","locations":[{"start":{"line":92,"column":12},"end":{"line":92,"column":31}},{"start":{"line":92,"column":31},"end":{"line":92,"column":60}}],"line":92},"21":{"loc":{"start":{"line":102,"column":8},"end":{"line":102,"column":77}},"type":"binary-expr","locations":[{"start":{"line":102,"column":8},"end":{"line":102,"column":20}},{"start":{"line":102,"column":20},"end":{"line":102,"column":40}},{"start":{"line":102,"column":40},"end":{"line":102,"column":77}}],"line":102},"22":{"loc":{"start":{"line":156,"column":11},"end":{"line":156,"column":null}},"type":"binary-expr","locations":[{"start":{"line":156,"column":11},"end":{"line":156,"column":28}},{"start":{"line":156,"column":28},"end":{"line":156,"column":null}}],"line":156}},"s":{"0":60,"1":60,"2":60,"3":60,"4":60,"5":60,"6":60,"7":60,"8":0,"9":60,"10":4,"11":4,"12":4,"13":4,"14":4,"15":4,"16":4,"17":4,"18":0,"19":0,"20":0,"21":12,"22":12,"23":12,"24":4,"25":8,"26":20,"27":0,"28":20,"29":20,"30":20,"31":0,"32":20,"33":20,"34":2,"35":2,"36":2,"37":2,"38":4,"39":4,"40":8,"41":0,"42":0,"43":0,"44":0,"45":0,"46":0,"47":0,"48":0,"49":0,"50":0,"51":0,"52":0,"53":0,"54":0,"55":0,"56":0,"57":0,"58":0,"59":0,"60":0,"61":0,"62":0,"63":0,"64":0,"65":0,"66":0,"67":0,"68":0,"69":0,"70":0,"71":0,"72":0,"73":0,"74":0,"75":0,"76":0,"77":0,"78":0,"79":0,"80":0,"81":0,"82":0,"83":0,"84":0,"85":0,"86":0,"87":0,"88":0,"89":0,"90":0,"91":0,"92":4,"93":4,"94":4,"95":2,"96":2,"97":30,"98":60,"99":60,"100":60,"101":60,"102":30,"103":2,"104":4,"105":4,"106":4,"107":4,"108":2,"109":6,"110":12,"111":10,"112":20,"113":1,"114":2,"115":0,"116":0,"117":0,"118":0,"119":0,"120":0,"121":0,"122":0,"123":0,"124":0,"125":0,"126":0,"127":0,"128":0,"129":0,"130":0,"131":0,"132":0,"133":0,"134":0,"135":2,"136":4},"f":{"0":30,"1":60,"2":60,"3":0,"4":60,"5":2,"6":4,"7":4,"8":0,"9":0,"10":0,"11":6,"12":12,"13":10,"14":20,"15":20,"16":1,"17":2,"18":2,"19":8,"20":0,"21":0,"22":0,"23":0,"24":0,"25":0,"26":0,"27":0,"28":0,"29":0,"30":0,"31":0,"32":0,"33":0,"34":0,"35":0,"36":0,"37":0,"38":0,"39":2,"40":4,"41":1,"42":2,"43":60,"44":60,"45":60,"46":30,"47":60,"48":4,"49":4,"50":4,"51":2,"52":0,"53":12,"54":12,"55":20,"56":20,"57":2,"58":4,"59":0,"60":0,"61":0,"62":0,"63":0,"64":0,"65":0,"66":0,"67":0,"68":0,"69":0,"70":0,"71":0,"72":0,"73":0,"74":0,"75":4,"76":4,"77":2},"b":{"0":[4,8],"1":[3,1],"2":[8,8],"3":[0,20],"4":[0,20],"5":[20,2,2],"6":[2,0],"7":[0,0],"8":[0,0],"9":[0,0],"10":[0,0],"11":[0,0],"12":[0,0,0],"13":[0,0],"14":[0,0],"15":[4,2],"16":[3,1],"17":[7,5],"18":[10,11,1],"19":[0,0],"20":[0,0],"21":[0,0,0],"22":[2,1]},"meta":{"lastBranch":16,"lastFunction":43,"lastStatement":97,"seen":{"f:9:15:9:24":0,"s:14:13:14:27":0,"s:15:2:22:Infinity":1,"f:15:21:15:22":1,"s:16:15:16:46":2,"s:17:18:17:43":3,"s:18:20:18:29":4,"s:19:4:19:Infinity":5,"f:19:24:19:27":2,"s:19:30:19:53":6,"s:20:4:20:Infinity":7,"f:20:22:20:25":3,"s:20:28:20:49":8,"s:21:4:21:Infinity":9,"f:21:20:21:23":4,"f:26:15:26:29":5,"s:27:13:27:27":10,"s:28:2:34:Infinity":11,"f:28:21:28:22":6,"s:29:15:29:52":12,"s:30:18:30:60":13,"s:31:20:31:40":14,"s:32:4:32:Infinity":15,"f:32:24:32:27":7,"s:32:30:32:60":16,"s:33:4:33:Infinity":17,"f:33:22:33:25":8,"s:33:28:33:49":18,"f:38:15:38:21":9,"s:39:2:39:Infinity":19,"f:39:42:39:43":10,"s:39:49:39:59":20,"f:44:8:44:15":11,"s:45:17:46:Infinity":21,"f:46:31:46:32":12,"s:46:38:46:47":22,"b:48:4:48:Infinity:undefined:undefined:undefined:undefined":0,"s:48:4:48:Infinity":23,"s:48:15:48:Infinity":24,"s:50:4:50:Infinity":25,"b:50:56:50:60:50:63:50:67":1,"b:50:12:50:25:50:29:50:52":2,"f:53:8:53:15":13,"b:54:4:56:Infinity:undefined:undefined:undefined:undefined":3,"s:54:4:56:Infinity":26,"s:55:6:55:Infinity":27,"s:57:21:58:Infinity":28,"f:58:31:58:32":14,"s:58:38:58:52":29,"b:60:4:62:Infinity:undefined:undefined:undefined:undefined":4,"s:60:4:62:Infinity":30,"b:60:8:60:16:60:20:60:36:60:40:60:73":5,"s:61:6:61:Infinity":31,"s:63:4:63:Infinity":32,"f:63:46:63:47":15,"s:63:53:63:64":33,"f:66:8:66:18":16,"s:67:17:67:47":34,"b:68:4:70:Infinity:undefined:undefined:undefined:undefined":6,"s:68:4:70:Infinity":35,"s:69:6:69:Infinity":36,"f:69:48:69:49":17,"s:69:55:69:67":37,"f:73:8:73:19":18,"s:74:18:74:70":38,"s:75:4:75:Infinity":39,"f:75:24:75:25":19,"s:75:31:75:44":40,"f:78:8:78:29":20,"s:79:4:79:Infinity":41,"f:82:8:82:23":21,"s:83:18:83:70":42,"s:84:4:84:Infinity":43,"f:84:24:84:25":22,"s:84:31:84:75":44,"f:87:8:87:17":23,"s:88:19:89:Infinity":45,"f:89:33:89:34":24,"s:89:40:89:49":46,"b:91:4:91:Infinity:undefined:undefined:undefined:undefined":7,"s:91:4:91:Infinity":47,"s:91:17:91:Infinity":48,"s:92:4:92:Infinity":49,"b:92:60:92:66:92:69:92:73":8,"b:92:12:92:27:92:31:92:56":9,"f:95:8:95:17":25,"b:96:4:98:Infinity:undefined:undefined:undefined:undefined":10,"s:96:4:98:Infinity":50,"s:97:6:97:Infinity":51,"s:99:21:100:Infinity":52,"f:100:33:100:34":26,"s:100:40:100:56":53,"b:102:4:104:Infinity:undefined:undefined:undefined:undefined":11,"s:102:4:104:Infinity":54,"b:102:8:102:16:102:20:102:36:102:40:102:75":12,"s:103:6:103:Infinity":55,"s:105:4:105:Infinity":56,"f:105:48:105:49":27,"s:105:55:105:68":57,"f:108:8:108:20":28,"s:109:19:109:51":58,"b:110:4:112:Infinity:undefined:undefined:undefined:undefined":13,"s:110:4:112:Infinity":59,"s:111:6:111:Infinity":60,"f:111:50:111:51":29,"s:111:57:111:69":61,"f:115:8:115:21":30,"s:116:4:116:Infinity":62,"f:119:8:119:31":31,"s:120:4:120:Infinity":63,"f:123:8:123:13":32,"b:124:4:138:Infinity:undefined:undefined:undefined:undefined":14,"s:124:4:138:Infinity":64,"s:126:20:126:72":65,"s:127:22:127:73":66,"s:128:17:128:31":67,"s:129:17:129:74":68,"s:130:24:130:51":69,"s:131:26:131:55":70,"s:132:6:132:Infinity":71,"s:132:32:132:Infinity":72,"s:133:6:133:Infinity":73,"s:133:36:133:Infinity":74,"s:134:6:137:Infinity":75,"f:134:25:134:26":33,"s:135:8:135:Infinity":76,"f:135:24:135:27":34,"s:135:30:135:39":77,"s:136:8:136:Infinity":78,"f:136:21:136:24":35,"s:136:27:136:43":79,"s:140:15:140:29":80,"s:141:15:141:84":81,"s:142:4:142:Infinity":82,"s:143:4:143:Infinity":83,"s:144:4:144:Infinity":84,"s:145:4:148:Infinity":85,"f:145:23:145:24":36,"s:146:6:146:Infinity":86,"f:146:22:146:25":37,"s:146:30:146:41":87,"s:146:41:146:57":88,"s:146:58:146:68":89,"s:147:6:147:Infinity":90,"f:147:19:147:22":38,"s:147:25:147:41":91,"f:152:8:152:19":39,"s:153:19:154:Infinity":92,"f:154:30:154:31":40,"s:154:37:154:47":93,"s:156:4:156:Infinity":94,"b:156:11:156:24:156:28:156:32":15,"f:159:8:159:19":41,"s:160:4:160:Infinity":95,"f:160:45:160:46":42,"s:160:52:160:73":96}}}
,"D:\\CONG VIEC\\vaultic\\client\\packages\\storage\\src\\memory-store.ts": {"path":"D:\\CONG VIEC\\vaultic\\client\\packages\\storage\\src\\memory-store.ts","statementMap":{"0":{"start":{"line":8,"column":18},"end":{"line":8,"column":46}},"1":{"start":{"line":9,"column":20},"end":{"line":9,"column":45}},"2":{"start":{"line":12,"column":17},"end":{"line":12,"column":35}},"3":{"start":{"line":13,"column":4},"end":{"line":13,"column":null}},"4":{"start":{"line":13,"column":15},"end":{"line":13,"column":null}},"5":{"start":{"line":14,"column":4},"end":{"line":14,"column":null}},"6":{"start":{"line":18,"column":4},"end":{"line":18,"column":null}},"7":{"start":{"line":22,"column":17},"end":{"line":22,"column":47}},"8":{"start":{"line":23,"column":4},"end":{"line":23,"column":null}},"9":{"start":{"line":23,"column":14},"end":{"line":23,"column":null}},"10":{"start":{"line":27,"column":4},"end":{"line":27,"column":null}},"11":{"start":{"line":27,"column":57},"end":{"line":27,"column":94}},"12":{"start":{"line":31,"column":4},"end":{"line":31,"column":null}},"13":{"start":{"line":35,"column":4},"end":{"line":37,"column":null}},"14":{"start":{"line":36,"column":16},"end":{"line":36,"column":90}},"15":{"start":{"line":41,"column":19},"end":{"line":41,"column":39}},"16":{"start":{"line":42,"column":4},"end":{"line":42,"column":null}},"17":{"start":{"line":42,"column":17},"end":{"line":42,"column":null}},"18":{"start":{"line":43,"column":4},"end":{"line":43,"column":null}},"19":{"start":{"line":47,"column":4},"end":{"line":47,"column":null}},"20":{"start":{"line":51,"column":19},"end":{"line":51,"column":51}},"21":{"start":{"line":52,"column":4},"end":{"line":52,"column":null}},"22":{"start":{"line":52,"column":16},"end":{"line":52,"column":null}},"23":{"start":{"line":56,"column":4},"end":{"line":56,"column":null}},"24":{"start":{"line":56,"column":59},"end":{"line":56,"column":79}},"25":{"start":{"line":60,"column":4},"end":{"line":60,"column":null}},"26":{"start":{"line":64,"column":4},"end":{"line":74,"column":null}},"27":{"start":{"line":65,"column":6},"end":{"line":67,"column":null}},"28":{"start":{"line":66,"column":8},"end":{"line":66,"column":null}},"29":{"start":{"line":66,"column":37},"end":{"line":66,"column":null}},"30":{"start":{"line":68,"column":6},"end":{"line":70,"column":null}},"31":{"start":{"line":69,"column":8},"end":{"line":69,"column":null}},"32":{"start":{"line":69,"column":39},"end":{"line":69,"column":null}},"33":{"start":{"line":72,"column":6},"end":{"line":72,"column":null}},"34":{"start":{"line":73,"column":6},"end":{"line":73,"column":null}},"35":{"start":{"line":8,"column":18},"end":{"line":8,"column":null}},"36":{"start":{"line":9,"column":20},"end":{"line":9,"column":null}},"37":{"start":{"line":12,"column":17},"end":{"line":12,"column":null}},"38":{"start":{"line":22,"column":17},"end":{"line":22,"column":null}},"39":{"start":{"line":36,"column":16},"end":{"line":36,"column":null}},"40":{"start":{"line":41,"column":19},"end":{"line":41,"column":null}},"41":{"start":{"line":51,"column":19},"end":{"line":51,"column":null}}},"fnMap":{"0":{"name":"(anonymous_0)","decl":{"start":{"line":11,"column":8},"end":{"line":11,"column":15}},"loc":{"start":{"line":11,"column":42},"end":{"line":15,"column":null}},"line":11},"1":{"name":"(anonymous_1)","decl":{"start":{"line":17,"column":8},"end":{"line":17,"column":15}},"loc":{"start":{"line":17,"column":31},"end":{"line":19,"column":null}},"line":17},"2":{"name":"(anonymous_2)","decl":{"start":{"line":21,"column":8},"end":{"line":21,"column":18}},"loc":{"start":{"line":21,"column":45},"end":{"line":24,"column":null}},"line":21},"3":{"name":"(anonymous_3)","decl":{"start":{"line":26,"column":8},"end":{"line":26,"column":19}},"loc":{"start":{"line":26,"column":34},"end":{"line":28,"column":null}},"line":26},"4":{"name":"(anonymous_4)","decl":{"start":{"line":27,"column":50},"end":{"line":27,"column":51}},"loc":{"start":{"line":27,"column":57},"end":{"line":27,"column":94}},"line":27},"5":{"name":"(anonymous_5)","decl":{"start":{"line":30,"column":8},"end":{"line":30,"column":29}},"loc":{"start":{"line":30,"column":29},"end":{"line":32,"column":null}},"line":30},"6":{"name":"(anonymous_6)","decl":{"start":{"line":34,"column":8},"end":{"line":34,"column":23}},"loc":{"start":{"line":34,"column":57},"end":{"line":38,"column":null}},"line":34},"7":{"name":"(anonymous_7)","decl":{"start":{"line":36,"column":6},"end":{"line":36,"column":7}},"loc":{"start":{"line":36,"column":16},"end":{"line":36,"column":90}},"line":36},"8":{"name":"(anonymous_8)","decl":{"start":{"line":40,"column":8},"end":{"line":40,"column":17}},"loc":{"start":{"line":40,"column":44},"end":{"line":44,"column":null}},"line":40},"9":{"name":"(anonymous_9)","decl":{"start":{"line":46,"column":8},"end":{"line":46,"column":17}},"loc":{"start":{"line":46,"column":32},"end":{"line":48,"column":null}},"line":46},"10":{"name":"(anonymous_10)","decl":{"start":{"line":50,"column":8},"end":{"line":50,"column":20}},"loc":{"start":{"line":50,"column":47},"end":{"line":53,"column":null}},"line":50},"11":{"name":"(anonymous_11)","decl":{"start":{"line":55,"column":8},"end":{"line":55,"column":21}},"loc":{"start":{"line":55,"column":36},"end":{"line":57,"column":null}},"line":55},"12":{"name":"(anonymous_12)","decl":{"start":{"line":56,"column":52},"end":{"line":56,"column":53}},"loc":{"start":{"line":56,"column":59},"end":{"line":56,"column":79}},"line":56},"13":{"name":"(anonymous_13)","decl":{"start":{"line":59,"column":8},"end":{"line":59,"column":31}},"loc":{"start":{"line":59,"column":31},"end":{"line":61,"column":null}},"line":59},"14":{"name":"(anonymous_14)","decl":{"start":{"line":63,"column":8},"end":{"line":63,"column":13}},"loc":{"start":{"line":63,"column":29},"end":{"line":75,"column":null}},"line":63},"15":{"name":"(anonymous_0)","decl":{"start":{"line":11,"column":8},"end":{"line":11,"column":16}},"loc":{"start":{"line":11,"column":71},"end":{"line":15,"column":null}},"line":11},"16":{"name":"(anonymous_1)","decl":{"start":{"line":17,"column":8},"end":{"line":17,"column":16}},"loc":{"start":{"line":17,"column":48},"end":{"line":19,"column":null}},"line":17},"17":{"name":"(anonymous_2)","decl":{"start":{"line":21,"column":8},"end":{"line":21,"column":19}},"loc":{"start":{"line":21,"column":62},"end":{"line":24,"column":null}},"line":21},"18":{"name":"(anonymous_3)","decl":{"start":{"line":26,"column":8},"end":{"line":26,"column":20}},"loc":{"start":{"line":26,"column":58},"end":{"line":28,"column":null}},"line":26},"19":{"name":"(anonymous_5)","decl":{"start":{"line":30,"column":8},"end":{"line":30,"column":54}},"loc":{"start":{"line":30,"column":54},"end":{"line":32,"column":null}},"line":30},"20":{"name":"(anonymous_6)","decl":{"start":{"line":34,"column":8},"end":{"line":34,"column":24}},"loc":{"start":{"line":34,"column":81},"end":{"line":38,"column":null}},"line":34},"21":{"name":"(anonymous_7)","decl":{"start":{"line":36,"column":6},"end":{"line":36,"column":7}},"loc":{"start":{"line":36,"column":16},"end":{"line":36,"column":null}},"line":36},"22":{"name":"(anonymous_8)","decl":{"start":{"line":40,"column":8},"end":{"line":40,"column":18}},"loc":{"start":{"line":40,"column":70},"end":{"line":44,"column":null}},"line":40},"23":{"name":"(anonymous_9)","decl":{"start":{"line":46,"column":8},"end":{"line":46,"column":18}},"loc":{"start":{"line":46,"column":49},"end":{"line":48,"column":null}},"line":46},"24":{"name":"(anonymous_10)","decl":{"start":{"line":50,"column":8},"end":{"line":50,"column":21}},"loc":{"start":{"line":50,"column":64},"end":{"line":53,"column":null}},"line":50},"25":{"name":"(anonymous_11)","decl":{"start":{"line":55,"column":8},"end":{"line":55,"column":22}},"loc":{"start":{"line":55,"column":57},"end":{"line":57,"column":null}},"line":55},"26":{"name":"(anonymous_13)","decl":{"start":{"line":59,"column":8},"end":{"line":59,"column":53}},"loc":{"start":{"line":59,"column":53},"end":{"line":61,"column":null}},"line":59},"27":{"name":"(anonymous_14)","decl":{"start":{"line":63,"column":8},"end":{"line":63,"column":14}},"loc":{"start":{"line":63,"column":46},"end":{"line":75,"column":null}},"line":63}},"branchMap":{"0":{"loc":{"start":{"line":13,"column":4},"end":{"line":13,"column":null}},"type":"if","locations":[{"start":{"line":13,"column":4},"end":{"line":13,"column":null}},{"start":{},"end":{}}],"line":13},"1":{"loc":{"start":{"line":14,"column":11},"end":{"line":14,"column":67}},"type":"cond-expr","locations":[{"start":{"line":14,"column":56},"end":{"line":14,"column":60}},{"start":{"line":14,"column":63},"end":{"line":14,"column":67}}],"line":14},"2":{"loc":{"start":{"line":14,"column":12},"end":{"line":14,"column":52}},"type":"binary-expr","locations":[{"start":{"line":14,"column":12},"end":{"line":14,"column":25}},{"start":{"line":14,"column":29},"end":{"line":14,"column":52}}],"line":14},"3":{"loc":{"start":{"line":23,"column":4},"end":{"line":23,"column":null}},"type":"if","locations":[{"start":{"line":23,"column":4},"end":{"line":23,"column":null}},{"start":{},"end":{}}],"line":23},"4":{"loc":{"start":{"line":27,"column":57},"end":{"line":27,"column":94}},"type":"binary-expr","locations":[{"start":{"line":27,"column":57},"end":{"line":27,"column":77}},{"start":{"line":27,"column":81},"end":{"line":27,"column":94}}],"line":27},"5":{"loc":{"start":{"line":36,"column":16},"end":{"line":36,"column":90}},"type":"binary-expr","locations":[{"start":{"line":36,"column":16},"end":{"line":36,"column":39}},{"start":{"line":36,"column":43},"end":{"line":36,"column":90}}],"line":36},"6":{"loc":{"start":{"line":42,"column":4},"end":{"line":42,"column":null}},"type":"if","locations":[{"start":{"line":42,"column":4},"end":{"line":42,"column":null}},{"start":{},"end":{}}],"line":42},"7":{"loc":{"start":{"line":43,"column":11},"end":{"line":43,"column":73}},"type":"cond-expr","locations":[{"start":{"line":43,"column":60},"end":{"line":43,"column":66}},{"start":{"line":43,"column":69},"end":{"line":43,"column":73}}],"line":43},"8":{"loc":{"start":{"line":43,"column":12},"end":{"line":43,"column":56}},"type":"binary-expr","locations":[{"start":{"line":43,"column":12},"end":{"line":43,"column":27}},{"start":{"line":43,"column":31},"end":{"line":43,"column":56}}],"line":43},"9":{"loc":{"start":{"line":52,"column":4},"end":{"line":52,"column":null}},"type":"if","locations":[{"start":{"line":52,"column":4},"end":{"line":52,"column":null}},{"start":{},"end":{}}],"line":52},"10":{"loc":{"start":{"line":64,"column":4},"end":{"line":74,"column":null}},"type":"if","locations":[{"start":{"line":64,"column":4},"end":{"line":74,"column":null}},{"start":{"line":71,"column":11},"end":{"line":74,"column":null}}],"line":64},"11":{"loc":{"start":{"line":66,"column":8},"end":{"line":66,"column":null}},"type":"if","locations":[{"start":{"line":66,"column":8},"end":{"line":66,"column":null}},{"start":{},"end":{}}],"line":66},"12":{"loc":{"start":{"line":69,"column":8},"end":{"line":69,"column":null}},"type":"if","locations":[{"start":{"line":69,"column":8},"end":{"line":69,"column":null}},{"start":{},"end":{}}],"line":69},"13":{"loc":{"start":{"line":14,"column":12},"end":{"line":14,"column":null}},"type":"cond-expr","locations":[{"start":{"line":14,"column":56},"end":{"line":14,"column":63}},{"start":{"line":14,"column":63},"end":{"line":14,"column":null}}],"line":14},"14":{"loc":{"start":{"line":14,"column":12},"end":{"line":14,"column":56}},"type":"binary-expr","locations":[{"start":{"line":14,"column":12},"end":{"line":14,"column":29}},{"start":{"line":14,"column":29},"end":{"line":14,"column":56}}],"line":14},"15":{"loc":{"start":{"line":27,"column":57},"end":{"line":27,"column":94}},"type":"binary-expr","locations":[{"start":{"line":27,"column":57},"end":{"line":27,"column":81}},{"start":{"line":27,"column":81},"end":{"line":27,"column":94}}],"line":27},"16":{"loc":{"start":{"line":36,"column":16},"end":{"line":36,"column":null}},"type":"binary-expr","locations":[{"start":{"line":36,"column":16},"end":{"line":36,"column":43}},{"start":{"line":36,"column":43},"end":{"line":36,"column":null}}],"line":36},"17":{"loc":{"start":{"line":43,"column":12},"end":{"line":43,"column":null}},"type":"cond-expr","locations":[{"start":{"line":43,"column":60},"end":{"line":43,"column":69}},{"start":{"line":43,"column":69},"end":{"line":43,"column":null}}],"line":43},"18":{"loc":{"start":{"line":43,"column":12},"end":{"line":43,"column":60}},"type":"binary-expr","locations":[{"start":{"line":43,"column":12},"end":{"line":43,"column":31}},{"start":{"line":43,"column":31},"end":{"line":43,"column":60}}],"line":43}},"s":{"0":16,"1":16,"2":12,"3":12,"4":4,"5":8,"6":22,"7":2,"8":2,"9":2,"10":4,"11":6,"12":0,"13":2,"14":4,"15":0,"16":0,"17":0,"18":0,"19":2,"20":0,"21":0,"22":0,"23":2,"24":0,"25":0,"26":2,"27":0,"28":0,"29":0,"30":0,"31":0,"32":0,"33":2,"34":2,"35":8,"36":8,"37":6,"38":1,"39":3,"40":0,"41":0},"f":{"0":6,"1":11,"2":1,"3":2,"4":6,"5":0,"6":1,"7":4,"8":0,"9":1,"10":0,"11":1,"12":0,"13":0,"14":1,"15":12,"16":22,"17":2,"18":4,"19":0,"20":2,"21":3,"22":0,"23":2,"24":0,"25":2,"26":0,"27":2},"b":{"0":[4,8],"1":[3,1],"2":[8,8],"3":[2,0],"4":[6,4],"5":[4,4],"6":[0,0],"7":[0,0],"8":[0,0],"9":[0,0],"10":[0,2],"11":[0,0],"12":[0,0],"13":[3,1],"14":[7,5],"15":[6,4],"16":[2,2],"17":[0,0],"18":[0,0]},"meta":{"lastBranch":13,"lastFunction":15,"lastStatement":35,"seen":{"s:8:18:8:46":0,"s:9:20:9:45":1,"f:11:8:11:15":0,"s:12:17:12:35":2,"b:13:4:13:Infinity:undefined:undefined:undefined:undefined":0,"s:13:4:13:Infinity":3,"s:13:15:13:Infinity":4,"s:14:4:14:Infinity":5,"b:14:56:14:60:14:63:14:67":1,"b:14:12:14:25:14:29:14:52":2,"f:17:8:17:15":1,"s:18:4:18:Infinity":6,"f:21:8:21:18":2,"s:22:17:22:47":7,"b:23:4:23:Infinity:undefined:undefined:undefined:undefined":3,"s:23:4:23:Infinity":8,"s:23:14:23:Infinity":9,"f:26:8:26:19":3,"s:27:4:27:Infinity":10,"f:27:50:27:51":4,"s:27:57:27:94":11,"b:27:57:27:77:27:81:27:94":4,"f:30:8:30:29":5,"s:31:4:31:Infinity":12,"f:34:8:34:23":6,"s:35:4:37:Infinity":13,"f:36:6:36:7":7,"s:36:16:36:90":14,"b:36:16:36:39:36:43:36:90":5,"f:40:8:40:17":8,"s:41:19:41:39":15,"b:42:4:42:Infinity:undefined:undefined:undefined:undefined":6,"s:42:4:42:Infinity":16,"s:42:17:42:Infinity":17,"s:43:4:43:Infinity":18,"b:43:60:43:66:43:69:43:73":7,"b:43:12:43:27:43:31:43:56":8,"f:46:8:46:17":9,"s:47:4:47:Infinity":19,"f:50:8:50:20":10,"s:51:19:51:51":20,"b:52:4:52:Infinity:undefined:undefined:undefined:undefined":9,"s:52:4:52:Infinity":21,"s:52:16:52:Infinity":22,"f:55:8:55:21":11,"s:56:4:56:Infinity":23,"f:56:52:56:53":12,"s:56:59:56:79":24,"f:59:8:59:31":13,"s:60:4:60:Infinity":25,"f:63:8:63:13":14,"b:64:4:74:Infinity:71:11:74:Infinity":10,"s:64:4:74:Infinity":26,"s:65:6:67:Infinity":27,"b:66:8:66:Infinity:undefined:undefined:undefined:undefined":11,"s:66:8:66:Infinity":28,"s:66:37:66:Infinity":29,"s:68:6:70:Infinity":30,"b:69:8:69:Infinity:undefined:undefined:undefined:undefined":12,"s:69:8:69:Infinity":31,"s:69:39:69:Infinity":32,"s:72:6:72:Infinity":33,"s:73:6:73:Infinity":34}}}
}
